{"石家庄职工大学": {"澳门金沙官网,澳门金沙网上娱乐,澳门金沙网上赌场,官方金沙娱乐赌场网站": "http://www.sjzzgdx.com/"}},
{"福建警官职业学院": {"杏彩彩票官网验证_拉菲娱乐平台开户平台_娱乐天地国际注册花钱么": "http://www.fjjgxy.com/"}},
{"山东力明科技职业学院": {"今晚六给彩开奖结果|六开彩开奖结果2017|香港马会开奖结果|王中王铁算盘开奖结果|4887铁算盘开奖结果|六开彩开奖现场直播|管家婆中特网|白小姐一肖中特马|六开彩开奖现场直播": "http://www.6789.com.cn/"}},
{"广西师范学院师园学院": {"天天更新米折网_折800_卷皮折扣__特卖商品__要便宜上众划算就够了 - 众划算": "http://www.gxsyu.com/"}},
{"广西经济职业学院": {"bogou德州扑克_博狗德州扑克下载_博狗德州扑克游戏大厅": "http://gxjjzyxy.com/new/ndv.php"}},
{"重庆交通职业学院": {"新葡京娱乐_葡京网上娱乐场_澳门新葡京官网_【官网】": "http://www.cqjky.com/"}},
{"云南旅游职业学院": {"胜博发官网|sbf胜博发娱乐城|www.sbf888.com": "http://www.ynslyxx.com/"}},
{"中南林业科技大学涉外学院": {"2017最新十大热门人气排行榜_世界10强企业品牌排行榜 - 一点排行网": "http://www.zswxy.cn/"}},
{"第一拖拉机制造厂拖拉机学院": {"域名售卖": "http://www.ytzjw.com/"}},
{"南阳职业学院": {"111222大资本赌场,大资本赌场娱乐城,大资本在线娱乐平台,www.111222.com": "http://www.nykcss.net/"}},
{"郑州理工职业学院": {"郑州理工职业学院-河南好的大专、郑州好的专科学校、河南省招生办公室、河南招生考试信息网、征集志愿、补录、高考补录查询、2017河南高考分数线查询、大专分数线、大专院校、专科院校排名、艺术学院、河南专科录取分数线、河南大专院校排名、艺术院校、河南大专院校排行榜、高职高专、河南职业技术学院、大专院校排名、高职高专院校排名、职业学院、职业技术学院、河南有哪些大专、河南的大专院校、河南专科学校排名、大专学校排名、大专、高职学校、专科学校排名、郑州大专院校、河南高等专科院校、高考艺术类分数线、河南大专分数线、2017高职高专、美术高考分数线、郑州大专院校、河南省艺术学校、河南大专、艺术学校排名、职业技术学院排名、河南有哪些专科院校、河南建筑职业技术学院、郑州职业院校、专升本院校、河南大专排名、全国大专院校排名、河南专科分数线、专科学校有哪些专业、2017专科录取分数线、郑州职业技术学院、大专哪些专业好、河南大专院校排行榜、郑州艺术学校、河南省大专院校排名、大专学校、河南高职高专排名": "http://www.zzlgxy.net/"}},
{"河南检察职业学院": {"bet365365体育在线_bet6365365投注官网:www.28365365.com": "http://www.hnjcgxy.com/"}},
{"山东胜利职业学院": {"胜利黄页": "http://www.sdslvc.com/"}},
{"江苏第二师范学院": {"域名更变通知": "http://www.jsie.edu.cn/"}},
{"徐州工业职业技术学院": {"亚虎娱乐官方网站_亚虎娱乐网站_【官方入口】yahu66.com": "http://www.4000516400.com/bp.php"}},
{"上海欧华职业技术学院": {"爱赢国际娱乐-选择菲律宾爱赢娱乐转移新锦海丰富自己的生活": "http://www.shouhua.net.cn"}},
{"黑龙江省政法管理干部学院": {"财经资讯股票黄金最新行情_黑龙江财经网_黑龙江政法干部管理学院": "http://www.hljzfxy.cn/"}},
{"哈尔滨华德学院": {"北京赛车技巧|北京赛车PK10技巧|北京赛车pk10绝密公式|北京赛车pk10冠军技巧": "http://www.hithd.net/"}},
{"辽宁石油化工大学顺华能源学院": {"高频彩联盟官网➥北京赛车PK10高频彩开奖直播平台-高频彩官网㊣": "http://www.lnshny.com/"}},
{"内蒙古工业职业学院": {"校园春色 亚洲色图区 欧美色图 欧美性爱": "http://www.nmxuanyuan.cn/"}},
{"运城职业技术学院": {"尊宝国际娱乐|尊宝国际娱乐官网唯一指定平台_尊宝国际官网欢迎您": "http://www.ycptu.com/welcome.php"}},
{"忻州职业技术学院": {"香港马会香港马会开奖结果直播香港马会开奖|香港马会六合彩|香港赛马会排位表": "http://www.xzvtc.com/"}},
{"宣化科技职业学院": {"澳门新葡京官网,澳门新葡京娱乐,澳门新葡京娱乐场,葡京娱乐场官网": "http://www.xhkjzyxy.com/"}},
