[
{"北京印刷学院": "http://www.bigc.edu.cn/"},
{"北京服装学院": "http://www.bift.edu.cn/"},
{"北京化工大学": "http://www.buct.edu.cn/"},
{"北方工业大学": "http://www.ncut.edu.cn/"},
{"北京建筑大学": "http://www.bucea.edu.cn/"},
{"北京理工大学": "http://www.bit.edu.cn/"},
{"北京工商大学": "http://www.btbu.edu.cn/"},
{"北京工业大学": "http://www.bjut.edu.cn/"},
{"北京大学": "http://www.pku.edu.cn/"},
{"北京林业大学": "http://www.bjfu.edu.cn/"},
{"北京农学院": "http://www.bua.edu.cn"},
{"北京航空航天大学": "http://www.buaa.edu.cn/"},
{"中央音乐学院": "http://www.ccom.edu.cn/"},
{"北京体育大学": "http://www.bsu.edu.cn/"},
{"对外经济贸易大学": "http://www.uibe.edu.cn/"},
{"中央财经大学": "http://www.cufe.edu.cn/"},
{"中国音乐学院": "http://www.ccmusic.edu.cn/"},
{"北京联合大学": "http://www.buu.edu.cn/"},
{"北京电子科技学院": "http://www.besti.edu.cn/"},
{"首都经济贸易大学": "http://www.cueb.edu.cn/"},
{"北京培黎职业学院": "http://www.bjpldx.edu.cn/"},
{"北京工商大学嘉华学院": "http://www.canvard.edu.cn/"},
{"北京科技职业学院": "http://www.5aaa.com/"},
{"首都师范大学科德学院": "http://www.kdcnu.com/"},
{"北京科技大学延庆分校": "http://www.ustbyq.com/"},
{"天津美术学院": "http://www.tjarts.edu.cn/"},
{"天津职业大学": "http://www.tjtc.edu.cn/"},
{"天津天狮学院": "http://www.tianshi.edu.cn/"},
{"河北工业大学": "http://www.hebut.edu.cn/"},
{"南开大学": "http://www.nankai.edu.cn/"},
{"天津外国语大学": "http://www.tjfsu.edu.cn/"},
{"天津师范大学": "http://www.tjnu.edu.cn/"},
{"天津外国语大学滨海外事学院": "http://bhws.tjfsu.edu.cn/"},
{"天津医学高等专科学校": "http://www.tjyzh.cn/"},
{"天津体育学院运动与文化艺术学院": "http://www.tjtwy.cn/"},
{"天津音乐学院": "http://www.tjcm.edu.cn/"},
{"天津财经大学珠江学院": "http://zhujiang.tjufe.edu.cn/"},
{"天津广播影视职业学院": "http://www.tjgbys.com/"},
{"河北大学": "http://www.hbu.edu.cn/"},
{"天津大学仁爱学院": "http://www.tjrac.edu.cn/"},
{"沧州师范学院": "http://www.caztc.edu.cn/"},
{"河北师范大学": "http://www.hebtu.edu.cn/"},
{"承德医学院": "http://www.cdmc.edu.cn"},
{"邯郸学院": "http://www.hdc.edu.cn/"},
{"河北经贸大学": "http://www.heuet.edu.cn/"},
{"唐山师范学院": "http://www.tstc.edu.cn/"},
{"石家庄学院": "http://www.sjzc.edu.cn/"},
{"防灾科技学院": "http://www.cidp.edu.cn"},
{"张家口职业技术学院": "http://www.zhz.cn/"},
{"河北机电职业技术学院": "http://www.hbjd.com.cn/"},
{"河北大学工商学院": "http://www.hicc.cn/"},
{"石家庄人民医学高等专科学校": "http://www.sjzrmyz.com/"},
{"北京交通大学海滨学院": "http://www.bjtuhbxy.cn/"},
{"冀中职业学院": "http://www.jzhxy.com/"},
{"河北旅游职业学院": "http://www.hbtvc.com/"},
{"衡水学院": "http://www.hsnc.edu.cn/"},
{"河北工程技术学院": "http://www.hbfsh.com/"},
{"吕梁学院": "http://www.llhc.sx.cn/"},
{"太原旅游职业学院": "http://www.tylyzyxy.com/"},
{"运城学院": "http://www.ycu.edu.cn/"},
{"河北化工医药职业技术学院": "http://www.hebcpc.cn/template/mainpage01.asp"},
{"忻州师范学院": "http://www.xztc.edu.cn/"},
{"临汾职业技术学院": "http://www.lfvtc.cn/"},
{"包头职业技术学院": "http://www.btzyjsxy.cn/"},
{"山西旅游职业学院": "http://www.sxtvi.edu.cn/"},
{"辽宁大学": "http://www.lnu.edu.cn/"},
{"内蒙古经贸外语职业学院": "http://www.nmgjwy.com/"},
{"赤峰职业技术学院": "http://www.cfzyjsxy.com/"},
{"中国医科大学": "http://www.cmu.edu.cn/"},
{"铁岭师范高等专科学校": "http://www.tlsz.com.cn/"},
{"大连职业技术学院": "http://www.dlvtc.edu.cn/web/guest;jsessionid=2T6cZ7NdFWB7LPFyMltN5Q1v0smTdMpvQvwrrSW8gBdftLmyvF2L!580539442!1505463805137"},
{"辽宁职业学院": "http://www.lnvc.cn/"},
{"辽宁林业职业技术学院": "http://www.lnlzy.cn/"},
{"大连医科大学中山学院": "http://www.dmuzs.edu.cn/"},
{"辽宁师范大学海华学院": "http://www.lshhxy.cn/"},
{"长春理工大学": "http://www.cust.edu.cn/"},
{"潞安职业技术学院": "http://sxlazy.cen114.com/"},
{"长春工业大学": "http://www.ccut.edu.cn/ccut.html"},
{"吉林大学": "http://www.jlu.edu.cn/"},
{"吉林工商学院": "http://www.jlbtc.edu.cn/"},
{"长春工程学院": "http://www.ccit.edu.cn/"},
{"长春建筑学院": "http://www.jladi.com/"},
{"黑龙江大学": "http://www.hlju.edu.cn/"},
{"哈尔滨商业大学": "http://www.hrbcu.edu.cn/"},
{"大庆师范学院": "http://www.dqsy.net/"},
{"齐齐哈尔大学": "http://www.qqhru.edu.cn/"},
{"绥化学院": "http://www.shxy.edu.cn/"},
{"哈尔滨师范大学": "http://www.hrbnu.edu.cn/"},
{"黑龙江农业职业技术学院": "http://www.hljnzy.net/"},
{"黑龙江信息技术职业学院": "http://www.hljitpc.com/"},
{"哈尔滨城市职业学院": "http://www.13451.cn/"},
{"黑龙江护理高等专科学校": "http://www.hljhlgz.com/"},
{"上海杉达学院": "http://www.sandau.edu.cn/"},
{"上海视觉艺术学院": "http://www.siva.edu.cn/"},
{"上海外国语大学": "http://www.shisu.edu.cn/"},
{"上海出版印刷高等专科学校": "http://www.sppc.edu.cn"},
{"南京体育学院": "http://www.nipes.cn/"},
{"吉林省教育学院": "http://www.jledu.net/main/index.shtml"},
{"南京工程学院": "http://www.njit.edu.cn/"},
{"扬州大学": "http://www.yzu.edu.cn/"},
{"南通职业大学": "http://www.ntvu.edu.cn/2014/"},
{"上海师范大学": "http://www.shnu.edu.cn/"},
{"正德职业技术学院": "http://zd.nuaa.edu.cn/"},
{"上海商学院": "http://www.sbs.edu.cn/"},
{"应天职业技术学院": "http://www.ytc.edu.cn/"},
{"无锡科技职业学院": "http://www.wxstc.cn/"},
{"南京医科大学康达学院": "http://kdc.njmu.edu.cn/"},
{"南京视觉艺术职业学院": "http://www.niva.cn/portal.php"},
{"江苏海事职业技术学院": "http://www.jmi.edu.cn/"},
{"江苏医药职业学院": "http://www.ycmc.edu.cn/"},
{"浙江工业大学": "http://www.zjut.edu.cn/"},
{"江苏卫生健康职业学院": "http://www.jssmu.edu.cn/"},
{"浙江大学": "http://www.zju.edu.cn/"},
{"温州职业技术学院": "http://www.wzvtc.cn/"},
{"中国美术学院": "http://www.caa.edu.cn/"},
{"嘉兴学院": "http://www.zjxu.edu.cn/"},
{"中国计量大学": "http://www.cjlu.edu.cn/"},
{"杭州电子科技大学": "http://www.hdu.edu.cn/"},
{"浙江工贸职业技术学院": "http://www.zjitc.net/"},
{"浙江越秀外国语学院": "http://www.yxc.cn/"},
{"浙江同济科技职业学院": "http://www.zjtongji.edu.cn/"},
{"台州职业技术学院": "http://www.tzvtc.com/"},
{"浙江中医药大学滨江学院": "http://bjxy.zjtcm.net/"},
{"上海财经大学浙江学院": "http://www.shufe-zj.edu.cn/"},
{"阜阳师范学院": "http://www.fync.edu.cn/"},
{"安徽医科大学": "http://www.ahmu.edu.cn/"},
{"安徽农业大学": "http://www.ahau.edu.cn/"},
{"同济大学浙江学院": "http://www.tjzj.edu.cn/"},
{"安徽财经大学商学院": "http://acsxy.aufe.edu.cn/"},
{"安徽交通职业技术学院": "http://www.ahctc.com/SiteAhctc/default.aspx"},
{"池州学院": "http://zs.czu.edu.cn/"},
{"衢州职业技术学院": "http://www.qzct.net/"},
{"安徽艺术职业学院": "http://www.artah.cn/"},
{"亳州职业技术学院": "http://www.bzvtc.com/"},
{"安徽工业职业技术学院": "http://www.ahip.cn/"},
{"安徽邮电职业技术学院": "http://www.ahptc.cn/"},
{"合肥师范学院": "http://www.hfnu.edu.cn/"},
{"泉州师范学院": "http://www.qztc.edu.cn/"},
{"安庆医药高等专科学校": "http://www.aqyyz.cn/index.html"},
{"福建师范大学": "http://www.fjnu.edu.cn/"},
{"闽江学院": "http://www.mju.edu.cn/"},
{"武夷学院": "http://www.wuyiu.edu.cn/"},
{"福建农业职业技术学院": "http://www.fjny.edu.cn/"},
{"宁德师范学院": "http://www.ndsy.cn/"},
{"厦门兴才职业技术学院": "http://www.xmxc.com/"},
{"厦门软件职业技术学院": "http://www.xmist.edu.cn/"},
{"福州外语外贸学院": "http://www.fzfu.com/"},
{"福州软件职业技术学院": "http://www.fzrjxy.com/"},
{"江西警察学院": "http://www.jxga.com/"},
{"江西科技师范大学": "http://www.jxstnu.edu.cn/"},
{"新余学院": "http://www.xyc.edu.cn/"},
{"江西工业工程职业技术学院": "http://www.jxgcxy.net/"},
{"东华理工大学": "http://www.ecit.edu.cn/"},
{"江西现代职业技术学院": "http://www.jxxdxy.com/"},
{"江西枫林涉外经贸职业学院": "http://www.fenglin.org/"},
{"江西新能源科技职业学院": "http://www.tynxy.com/"},
{"赣西科技职业学院": "http://www.ganxidx.com/"},
{"江西冶金职业技术学院": "http://www.jxyjxy.com/"},
{"青岛科技大学": "http://www.qust.edu.cn"},
{"德州学院": "http://www.dzu.edu.cn/"},
{"滨州学院": "http://www.bzu.edu.cn/"},
{"曲阜师范大学": "http://www.qfnu.edu.cn/"},
{"山东工商学院": "http://www.sdibt.edu.cn/"},
{"山东交通学院": "http://www.sdjtu.edu.cn/"},
{"聊城大学": "http://www.lcu.edu.cn/"},
{"山东圣翰财贸职业学院": "http://www.suu.com.cn/"},
{"德州科技职业学院": "http://www.sddzkj.com/"},
{"潍坊科技学院": "http://www.wfust.edu.cn/"},
{"济南职业学院": "http://www.jnvc.cn/"},
{"山东服装职业学院": "http://www.sdfzxy.com/"},
{"枣庄职业学院": "http://www.sdzzvc.cn/"},
{"山东传媒职业学院": "http://www.sdcmc.net/"},
{"菏泽家政职业学院": "http://www.hzjzxy.com/"},
{"临沂职业学院": "http://www.lyzyxy.com/"},
{"河南大学": "http://www.henu.edu.cn/"},
{"河南师范大学": "http://www.henannu.edu.cn/"},
{"河南工程学院": "http://www.haue.edu.cn/"},
{"洛阳理工学院": "http://zs.lit.edu.cn/"},
{"安阳工学院": "http://www.ayit.edu.cn/"},
{"漯河医学高等专科学校": "http://www.lhmc.edu.cn/"},
{"济源职业技术学院": "http://www.jyvtc.com/"},
{"青岛求实职业技术学院": "http://www.qdqs.com/"},
{"郑州信息科技职业学院": "http://www.techcollege.cn/"},
{"郑州成功财经学院": "http://www.chenggong.edu.cn/"},
{"鹤壁汽车工程职业学院": "http://www.hbqcxy.com/"},
{"华中科技大学": "http://www.hust.edu.cn/"},
{"武汉音乐学院": "http://www.whcm.edu.cn/"},
{"湖北经济学院": "http://www.hbue.edu.cn/"},
{"鄂州职业大学": "http://www.ezu.cn/"},
{"湖北警官学院": "http://www.hbpa.edu.cn/"},
{"武汉铁路职业技术学院": "http://www.wru.com.cn/"},
{"湖北轻工职业技术学院": "http://www.hbliti.com/"},
{"湖北工业大学工程技术学院": "http://gcxy.hbut.edu.cn/"},
{"湖南第一师范学院": "http://www.hnfnu.edu.cn/"},
{"湖南大众传媒职业技术学院": "http://new.hnmmc.cn:8080/index.html"},
{"湖南商学院北津学院": "http://www.bjxy.net.cn/"},
{"湖南软件职业学院": "http://www.hnsoftedu.com/"},
{"湖南艺术职业学院": "http://www.arthn.com/"},
{"湖南理工职业技术学院": "http://www.xlgy.com/"},
{"嘉应学院": "http://www.jyu.edu.cn/"},
{"韩山师范学院": "http://www.hstc.edu.cn/"},
{"江门职业技术学院": "http://www.jmpt.cn/"},
{"广东邮电职业技术学院": "http://www.gupt.net/"},
{"北京理工大学珠海学院": "http://www.zhbit.com/"},
{"广东科贸职业学院": "http://www.gdkm.edu.cn/"},
{"桂林师范高等专科学校": "http://www.glnc.edu.cn/"},
{"广西民族大学相思湖学院": "http://xshxy.gxun.edu.cn/"},
{"四川美术学院": "http://www.scfai.edu.cn/"},
{"四川理工学院": "http://www.suse.edu.cn/"},
{"四川外国语大学重庆南方翻译学院": "http://www.tcsisu.com/"},
{"成都信息工程大学": "http://www.cuit.edu.cn/"},
{"绵阳职业技术学院": "http://www.myvtc.edu.cn/"},
{"西南科技大学城市学院": "http://www.ccswust.com.cn/"},
{"贵州师范大学求是学院": "http://www.gznuqsxy.cn/"},
{"云南中医学院": "http://www.ynutcm.edu.cn/"},
{"云南司法警官职业学院": "http://www.yncpu.net/"},
{"黔南民族医学高等专科学校": "http://www.qnmc.cn/"},
{"云南体育运动职业技术学院": "http://www.ynasc.com/"},
{"云南文化艺术职业学院": "http://www.ynarts.cn/"},
{"西安石油大学": "http://www.xsyu.edu.cn/"},
{"云南师范大学": "http://www.ynnu.edu.cn/"},
{"榆林学院": "http://www.yulinu.edu.cn/"},
{"杨凌职业技术学院": "http://www.ylvtc.com/"},
{"陕西警官职业学院": "http://www.sxjgxy.edu.cn/"},
{"陇东学院": "http://www.ldxy.edu.cn/"},
{"青海大学": "http://www.qhu.edu.cn/"},
{"兰州航空工业职工大学": "http://www.lzavu.cn/"},
{"新疆财经大学": "http://www.xjufe.edu.cn/"},
{"新疆艺术学院": "http://www.xjart.edu.cn/"},
{"新疆交通职业技术学院": "http://www.xjjtedu.com/"},
{"邢台职业技术学院": "http://www.xpc.edu.cn/"},
{"邢台学院": "http://www.xttc.edu.cn/"},
{"新疆天山职业技术学院": "http://www.xjtsxy.cn/"},
{"伊犁师范学院": "http://www.ylsy.edu.cn/"},
{"新疆大学科学技术学院": "http://www.kj.xju.edu.cn/"},
{"昌吉职业技术学院": "http://www.cjpt.cn/"},
{"伊犁职业技术学院": "http://www.ylzyjs.cn/"},
{"新疆警察学院": "http://www.xjpcedu.cn"},
{"新疆轻工职业技术学院": "https://www.xjqg.edu.cn/xjqgxy/inx1/index_ac.asp"},
{"乌鲁木齐职业大学": "http://www.uvu.edu.cn/"},
{"新疆农业职业技术学院": "http://www.xjnzy.edu.cn/"},
{"昌吉学院": "http://www.cjc.edu.cn/"},
{"新疆医科大学": "http://www2.xjmu.edu.cn/"},
{"新疆农业大学": "http://www.xjau.edu.cn/"},
{"塔里木大学": "http://www.taru.edu.cn/"},
{"新疆大学": "http://www.xju.edu.cn/"},
{"中国矿业大学银川学院": "http://www.cumtyc.com.cn/"},
{"宁夏建设职业技术学院": "http://www.nxjy.edu.cn/"},
{"银川能源学院": "http://www.ycu.com.cn/"},
{"宁夏大学新华学院": "http://xinhua.nxu.edu.cn/"},
{"新疆师范大学": "https://www.xjnu.edu.cn/"},
{"宁夏财经职业技术学院": "http://www.nxcy.edu.cn/"},
{"宁夏大学": "http://www.nxu.edu.cn/"},
{"宁夏医科大学": "http://www.nxmu.edu.cn/"},
{"河西学院": "http://www10.hxu.edu.cn/w/Default.htm"},
{"青海卫生职业技术学院": "http://www.qhwszy.edu.cn/"},
{"青海交通职业技术学院": "http://www.qhctc.edu.cn/"},
{"青海师范大学": "http://www.qhnu.edu.cn/"},
{"青海民族大学": "http://www.qhmu.edu.cn/"},
{"白银矿冶职业技术学院": "http://www.bymu.cn/"},
{"兰州资源环境职业技术学院": "http://www.lzre.edu.cn/"},
{"兰州交通大学博文学院": "http://www.bowenedu.cn/w/Default.htm"},
{"兰州职业技术学院": "http://www.lvu.edu.cn/"},
{"酒泉职业技术学院": "http://www.jqzy.com/"},
{"甘肃医学院": "http://www.plmc.edu.cn/"},
{"甘肃民族师范学院": "http://www.gnun.edu.cn/"},
{"西安医学高等专科学校": "http://www.xagdyz.com/"},
{"兰州城市学院": "http://www.lzcu.edu.cn/"},
{"兰州石化职业技术学院": "http://www.lzpcc.edu.cn/"},
{"安庆职业技术学院": "http://www.aqvtc.cn/"},
{"甘肃农业大学": "http://www.gsau.edu.cn/"},
{"兰州大学": "http://www.lzu.edu.cn/"},
{"陕西工运学院": "http://www.sxgyxy.com/"},
{"陕西机电职业技术学院": "http://www.sxjdzy.cn/"},
{"西安汽车科技职业学院": "http://www.atc168.com/"},
{"陕西航天职工大学": "http://www.htzd.org/"},
{"陕西学前师范学院": "http://www.snie.cn"},
{"陕西工商职业学院": "http://www.snbcedu.cn/"},
{"陕西青年职业学院": "http://www.sxqzy.com/"},
{"陕西电子科技职业学院": "http://www.sxetcedu.com/"},
{"陕西旅游烹饪职业学院": "http://www.sntcc.cn/"},
{"渭南职业技术学院": "http://www.wnzy.net/"},
{"延安职业技术学院": "http://www.yapt.cn/"},
{"商洛职业技术学院": "http://www.slzyjsxy.com/"},
{"西北工业大学明德学院": "http://www.npumd.cn"},
{"陕西邮电职业技术学院": "http://www.sptc.sn.cn/"},
{"西安职业技术学院": "http://www.xzyedu.com.cn/"},
{"西安工业大学北方信息工程学院": "http://www.bxait.cn"},
{"陕西科技大学镐京学院": "http://www.kdhj-edu.net/"},
{"西安财经学院行知学院": "http://www.xcxz.com.cn/"},
{"西北大学现代学院": "http://www.xdxd.cn/"},
{"西安建筑科技大学华清学院": "http://www.xauat-hqc.com/"},
{"陕西电子信息职业技术学院": "http://www.sxitu.com/"},
{"陕西航空职业技术学院": "http://www.sxhkxy.com/"},
{"宝鸡职业技术学院": "http://www.bjvtc.com/"},
{"西安交通大学城市学院": "http://www.xjtucc.cn/"},
{"陕西铁路工程职业技术学院": "http://www.sxri.net/"},
{"陕西职业技术学院": "http://www.spvec.com.cn/"},
{"陕西财经职业技术学院": "http://www.scy.cn/"},
{"西安思源学院": "http://www.xasyu.cn/"},
{"陕西交通职业技术学院": "http://www.scct.cn/"},
{"陕西服装工程学院": "http://www.sxfu.org/"},
{"西安航空职业技术学院": "http://www.xihang.com.cn/"},
{"陕西国防工业职业技术学院": "http://www.gfxy.com"},
{"西京学院": "http://www.xijing.edu.cn/"},
{"西安欧亚学院": "http://www.eurasia.edu/"},
{"西安电力高等专科学校": "http://www.xaepi.edu.cn/"},
{"西安医学院": "http://www.xiyi.edu.cn/"},
{"西安财经学院": "http://www.xaufe.edu.cn/"},
{"安康学院": "http://www.aku.edu.cn/"},
{"西安体育学院": "http://www.xaipe.edu.cn/"},
{"西安音乐学院": "http://www.xacom.edu.cn/"},
{"西安培华学院": "http://www.peihua.cn/"},
{"陕西能源职业技术学院": "http://www.sxny.cn/index.html"},
{"西北政法大学": "http://www.nwupl.edu.cn/"},
{"西安外国语大学": "http://www.xisu.edu.cn/"},
{"陕西理工大学": "http://www.snut.edu.cn/"},
{"延安大学": "http://www.yau.edu.cn/"},
{"陕西中医药大学": "http://zs.sntcm.edu.cn/"},
{"陕西师范大学": "http://www.snnu.edu.cn/"},
{"西北农林科技大学": "http://www.nwsuaf.edu.cn/"},
{"西安工程大学": "http://www.xpu.edu.cn/"},
{"西安工业大学": "http://www.xatu.cn/"},
{"西安建筑科技大学": "http://www.xauat.edu.cn/zh-cn/index.php"},
{"西安理工大学": "http://www.xaut.edu.cn/"},
{"西藏职业技术学院": "http://www.xzgzy.cn/"},
{"西藏藏医学院": "http://www.ttmc.edu.cn/"},
{"西北大学": "http://www.nwu.edu.cn/"},
{"西藏民族大学": "http://www.xzmy.edu.cn/"},
{"拉萨师范高等专科学校": "http://www.xzlssf.org/"},
{"西藏大学": "http://www.utibet.edu.cn/index.html;jsessionid=731D6820DEBCC93E4934E183899CE14E"},
{"云南锡业职业技术学院": "http://www.ytvtc.com/"},
{"德宏师范高等专科学校": "http://www.yndhec.net/"},
{"云南经贸外事职业学院": "http://www.ynjw.net/"},
{"德宏职业学院": "http://www.yndhvc.com/"},
{"丽江师范高等专科学校": "http://www.lj-edu.cn/"},
{"云南林业职业技术学院": "http://www.ynftc.cn/"},
{"云南师范大学文理学院": "http://www.ysdwl.cn/"},
{"昆明医科大学海源学院": "http://www.kyhyxy.com/"},
{"云南机电职业技术学院": "http://www.ynmec.com/"},
{"云南师范大学商学院": "http://www.ynnubs.com/"},
{"云南大学旅游文化学院": "http://www.lywhxy.com/"},
{"云南能源职业技术学院": "http://www.ynny.cn/"},
{"云南经济管理学院": "http://www.ynjgy.com/"},
{"云南科技信息职业学院": "http://www.ynkexin.cn/"},
{"云南农业职业技术学院": "http://www.ynavc.com/"},
{"云南国土资源职业学院": "http://www.yngtxy.net/yngtxy/default.html;jsessionid=92664611C663E32AC8BFC4067DA5566B"},
{"昆明冶金高等专科学校": "http://www.kmyz.edu.cn/"},
{"云南艺术学院": "http://www.ynart.edu.cn/"},
{"昆明学院": "http://www.kmu.edu.cn/"},
{"红河学院": "http://www.uoh.edu.cn/"},
{"云南财经大学": "http://www.ynufe.edu.cn/"},
{"昆明医科大学": "http://www.kmmc.cn/"},
{"大理大学": "http://www.dali.edu.cn/"},
{"曲靖师范学院": "http://www.qjnu.edu.cn/"},
{"贵州职业技术学院": "http://www.gzvti.com/"},
{"保山学院": "http://www.bsnc.cn/"},
{"贵州大学科技学院": "http://cst.gzu.edu.cn/"},
{"贵州大学明德学院": "http://mdc.gzu.edu.cn/gdmd/;jsessionid=0FCA8CF29F0306B7D393DA3A5BF733AA"},
{"宁夏师范学院": "http://www.nxtu.cn/"},
{"贵州轻工职业技术学院": "http://www.gzqy.cn/"},
{"六盘水职业技术学院": "http://www.lpszy.cn/"},
{"贵州工业职业技术学院": "http://www.gzky.edu.cn/"},
{"黔南民族职业技术学院": "http://www.qnzy.net/"},
{"安顺职业技术学院": "http://www.asotc.cn/"},
{"贵州电子信息职业技术学院": "http://www.gzeic.com/"},
{"贵州交通职业技术学院": "http://www.gzjtzy.net/"},
{"贵州航天职业技术学院": "http://www.gzhtzy.com/web/web/web/index.asp?xt_bh=LDEwMywxMjIsMTA0LDExNg"},
{"贵州财经大学": "http://www.gufe.edu.cn/www/"},
{"安顺学院": "http://www.asu.edu.cn/"},
{"铜仁学院": "http://www.gztrc.edu.cn/"},
{"贵州师范大学": "http://www.gznu.edu.cn/"},
{"黔南民族师范学院": "http://www.sgmtu.edu.cn/"},
{"遵义医学院": "http://www.zmc.edu.cn/"},
{"四川财经职业学院": "http://www.scpcfe.cn/"},
{"贵州大学": "http://www.gzu.edu.cn/"},
{"甘肃林业职业技术学院": "http://www.gsfc.edu.cn/"},
{"川北幼儿师范高等专科学校": "http://www.cbyzsc.com/cbyz/"},
{"四川幼儿师范高等专科学校": "http://www.scyesz.com/2016/"},
{"四川现代职业学院": "http://www.scmvc.cn/SiteHtml/"},
{"四川城市职业学院": "http://www.scuvc.com/"},
{"四川中医药高等专科学校": "http://www.scctcm.cn/"},
{"四川文化艺术学院": "http://www.cymy.edu.cn/"},
{"四川信息职业技术学院": "http://www.scitc.com.cn/"},
{"四川司法警官职业学院": "http://www.sjpopc.net/"},
{"四川传媒学院": "http://www.scmc.edu.cn/"},
{"乐山职业技术学院": "http://www.lszyxy.com/"},
{"四川职业技术学院": "http://www.scvtc.edu.cn/"},
{"成都医学院": "http://www.cmc.edu.cn/"},
{"眉山职业技术学院": "http://www.msvtc.net/"},
{"贵阳中医学院": "http://www.gyctcm.edu.cn/"},
{"泸州职业技术学院": "http://www.lzy.edu.cn/"},
{"宜宾职业技术学院": "http://www.ybzy.cn/"},
{"四川建筑职业技术学院": "http://www.scatc.net/"},
{"四川国际标榜职业学院": "http://t.qq.com/liuyanpingzhaoban"},
{"四川机电职业技术学院": "http://www.scemi.com/"},
{"广安职业技术学院": "http://www.gavtc.cn/"},
{"四川航天职业技术学院": "http://www.sacvt.com/"},
{"内江职业技术学院": "http://www.njvtc.cn/"},
{"四川邮电职业技术学院": "http://www.sptpc.com/"},
{"四川水利职业技术学院": "http://www.swcvc.net.cn/"},
{"成都东软学院": "http://www.nsu.edu.cn/"},
{"四川警察学院": "http://www.scpolicec.edu.cn/"},
{"成都纺织高等专科学校": "http://www.cdtc.edu.cn/"},
{"四川民族学院": "http://www.scun.edu.cn/"},
{"成都体育学院": "http://www.cdsu.edu.cn/"},
{"乐山师范学院": "http://www.lstc.edu.cn/"},
{"西南财经大学": "http://www.swufe.edu.cn/"},
{"宜宾学院": "http://www.yibinu.cn/web/index.aspx"},
{"内江师范学院": "http://www.njtc.edu.cn/"},
{"四川师范大学": "http://www.sicnu.edu.cn/"},
{"西华师范大学": "http://www.cwnu.edu.cn/"},
{"成都中医药大学": "http://www.cdutcm.edu.cn/"},
{"西南医科大学": "http://www.swmu.edu.cn/"},
{"西昌学院": "http://www.xcc.sc.cn/"},
{"四川农业大学": "http://www.sicau.edu.cn/"},
{"西南石油大学": "http://www.swpu.edu.cn/"},
{"西华大学": "http://www.xhu.edu.cn/"},
{"电子科技大学": "http://www.uestc.edu.cn/"},
{"四川大学": "http://www.scu.edu.cn/"},
{"重庆建筑工程职业学院": "http://www.cctc.cq.cn/"},
{"重庆能源职业学院": "http://www.cqny.net/"},
{"重庆化工职业学院": "http://www.cqhgzy.com"},
{"重庆科创职业学院": "http://www.cqie.cn"},
{"重庆医药高等专科学校": "http://www.cqyygz.com"},
{"重庆工商职业学院": "http://www.cqtbi.edu.cn/"},
{"重庆城市职业学院": "http://www.cqcvc.com.cn/"},
{"重庆警察学院": "http://www.cqjy.com.cn/Index.shtml"},
{"重庆机电职业技术学院": "http://www.cqevi.net.cn/"},
{"重庆工商大学": "http://www.ctbu.edu.cn/"},
{"西南政法大学": "http://202.202.80.68/home/"},
{"四川外国语大学": "http://www.sisu.edu.cn/sisu2013/"},
{"重庆师范大学": "http://www.cqnu.edu.cn/"},
{"长江师范学院": "http://www.yznu.cn/"},
{"重庆医科大学": "http://www.cqmu.edu.cn/"},
{"重庆交通大学": "http://www.cqjtu.edu.cn/"},
{"重庆大学": "http://www.cqu.edu.cn/v1/"},
{"三亚航空旅游职业学院": "http://www.hnasatc.edu.cn"},
{"三亚理工职业学院": "http://www.ucsanya.com/"},
{"三亚城市职业学院": "http://www.sycsxy.cn/"},
{"海南大学": "http://www.hainu.edu.cn/"},
{"海南热带海洋学院": "http://www.qzu.edu.cn/"},
{"海南热带海洋学院": "http://zs.qzu.edu.cn"},
{"广西教育学院": "http://www.gxec.net.cn/"},
{"广西政法管理干部学院": "http://www.gxzfxy.cn/"},
{"海口经济学院": "http://www.hkc.edu.cn/"},
{"广西经济管理干部学院": "http://www.jgy.gx.cn/"},
{"广西理工职业技术学院": "http://www.gxlgxy.com/"},
{"广西电力职业技术学院": "http://www.gxdlxy.com/"},
{"柳州城市职业学院": "http://www.lcvc.cn/"},
{"广西城市职业学院": "http://www.gxccedu.com/"},
{"广西经贸职业技术学院": "http://www.gxjmxy.com/"},
{"广西演艺职业学院": "http://www.gxart.cn/"},
{"广西科技大学鹿山学院": "http://www.lzls.gxut.edu.cn/"},
{"广西职业技术学院": "http://www.gxzjy.com/"},
{"广西大学行健文理学院": "http://xingjian.gxu.edu.cn/index.aspx"},
{"北海职业学院": "http://www.bhzyxy.net/"},
{"北海艺术设计学院": "http://www.sszss.com/"},
{"广西建设职业技术学院": "http://www.gxjsxy.cn/"},
{"广西现代职业技术学院": "http://www.gxxd.net.cn/"},
{"柳州铁道职业技术学院": "http://www.lztdzy.com/"},
{"桂林山水职业学院": "http://www.guolianweb.com/index.html"},
{"广西水利电力职业技术学院": "http://www.gxsdxy.cn/"},
{"广西财经学院": "http://www.gxufe.edu.cn/www/myweb/home.cdi"},
{"广西生态工程职业技术学院": "http://www.gxstzy.cn/"},
{"南宁职业技术学院": "http://www.ncvt.net/"},
{"广西工业职业技术学院": "http://www.gxic.net/"},
{"广西体育高等专科学校": "http://www.gxtznn.com/"},
{"广西机电职业技术学院": "http://www.gxcme.edu.cn/"},
{"河池学院": "http://www.hcnu.edu.cn/"},
{"贺州学院": "http://www.hzu.gx.cn/"},
{"广西民族大学": "http://www.gxun.edu.cn/"},
{"广西师范学院": "http://www.gxtc.edu.cn/"},
{"广西科技大学": "http://www.gxut.edu.cn/"},
{"梧州学院": "http://www.gxuwz.edu.cn/"},
{"广西师范大学": "http://www.gxnu.edu.cn/"},
{"广西医科大学": "http://www.gxmu.edu.cn/"},
{"广西大学": "http://www.gxu.edu.cn/"},
{"广州华商职业学院": "http://www.gzhsvc.com/"},
{"百色学院": "http://www.bsuc.cn/"},
{"东莞职业技术学院": "http://www.dgpt.edu.cn/"},
{"广州松田职业学院": "http://www.sontan.com.cn/"},
{"广州城市职业学院": "http://www.gcp.edu.cn/"},
{"中山职业技术学院": "http://www.zspt.cn/"},
{"广东工程职业技术学院": "http://www.gpc.net.cn/"},
{"广州珠江职业技术学院": "http://www.gzzjedu.cn/"},
{"广东理工职业学院": "http://2017.gdpi.edu.cn/"},
{"东莞理工学院城市学院": "http://csxy.dgut.edu.cn/"},
{"广州城建职业学院": "http://www.gzccc.edu.cn/"},
{"广州华南商贸职业学院": "http://www.hnsmxy.com/"},
{"广东科技学院": "http://www.gdst.cc/"},
{"广州涉外经济职业技术学院": "http://www.gziec.net/"},
{"广州科技职业技术学院": "http://www.gzkjxy.net/"},
{"广东工商职业学院": "http://www.zqtbu.com/"},
{"广州南洋理工职业学院": "http://www.nyjy.cn/"},
{"广东食品药品职业学院": "http://www.gdyzy.edu.cn/index.do"},
{"广州现代信息工程职业技术学院": "http://www.gzmodern.cn/"},
{"广州华夏职业学院": "http://www.gzhxtc.cn/"},
{"广东文艺职业学院": "http://www.gdla.edu.cn/"},
{"中山火炬职业技术学院": "http://www.zstp.cn/"},
{"吉林大学珠海学院": "http://www.jluzh.com/"},
{"广州工程技术职业学院": "http://www.gzvtc.cn/wechatNews/default.aspx"},
{"广州大学松田学院": "http://www.sontan.net/index.do"},
{"广东司法警官职业学院": "http://www.gdsfjy.cn/"},
{"广州工商学院": "http://www.gzgs.org.cn/"},
{"清远职业技术学院": "http://www.qypt.com.cn/"},
{"广东工贸职业技术学院": "http://www.gdgm.cn/"},
{"广东岭南职业技术学院": "http://www.lnc.edu.cn"},
{"珠海城市职业技术学院": "https://www.zhcpt.edu.cn/"},
{"广东机电职业技术学院": "http://www.gdmec.cn/"},
{"广东海洋大学寸金学院": "http://www.gdcjxy.com/"},
{"广州大学华软软件学院": "http://www.sise.com.cn/"},
{"广东技术师范学院天河学院": "http://www.thxy.cn/"},
{"遵义医药高等专科学校": "http://www.zunyiyizhuan.com/"},
{"广东外语外贸大学南国商学院": "http://www.gwng.edu.cn/web/portal/index;jsessionid=DD4650455E2347F109054159C0E90C4E"},
{"广东行政职业学院": "http://www.gdxzzy.cn/"},
{"广东科学技术职业学院": "http://www.gdit.edu.cn/"},
{"广东新安职业技术学院": "http://www.gdxa.cn/"},
{"广东培正学院": "http://www.peizheng.com.cn/"},
{"佛山职业技术学院": "http://www.fspt.net/"},
{"电子科技大学中山学院": "http://www.zsc.edu.cn/"},
{"东莞理工学院": "http://www.dgut.edu.cn/"},
{"广东金融学院": "http://www.gduf.edu.cn/"},
{"广州民航职业技术学院": "http://cs.caac.net/cs/caacHome/index.html"},
{"广州航海学院": "http://www.gzhmt.edu.cn/"},
{"广东南华工商职业学院": "http://www.nhic.edu.cn/2016/"},
{"潮汕职业技术学院": "http://www.chaoshan.cn/"},
{"广东交通职业技术学院": "http://a1.gdcp.cn/index.shtml"},
{"广州体育学院": "http://www.gipe.edu.cn/"},
{"广东女子职业技术学院": "http://www.gdfs.edu.cn/"},
{"华南师范大学": "http://www.scnu.edu.cn/"},
{"韶关学院": "http://www.sgu.edu.cn/"},
{"广东药科大学": "http://www.gdpu.edu.cn/"},
{"广州中医药大学": "http://www.gzucm.edu.cn/"},
{"佛山科学技术学院": "http://web.fosu.edu.cn/"},
{"广东海洋大学": "http://www.gdou.edu.cn/"},
{"华南农业大学": "http://zsb.scau.edu.cn:83/"},
{"暨南大学": "http://www.jnu.edu.cn/"},
{"华南农业大学": "http://www.scau.edu.cn/"},
{"中山大学": "http://www.sysu.edu.cn/2012/"},
{"华南理工大学": "http://www.scut.edu.cn/new/"},
{"湖南三一工业职业技术学院": "http://www.sanyedu.com/"},
{"汕头大学": "http://www.stu.edu.cn/"},
{"湖南工商职业学院": "http://www.hngsxy.com/"},
{"湖南高尔夫旅游职业学院": "http://www.2823333.com/"},
{"广州大学": "http://www.gzhu.edu.cn/"},
{"湖南都市职业学院": "http://www.hnupc.com/"},
{"益阳医学高等专科学校": "http://www.hnyyyz.com/"},
{"湖南现代物流职业技术学院": "http://www.56edu.com/"},
{"湖南铁路科技职业技术学院": "http://www.hntky.com/"},
{"湖南汽车工程职业学院": "http://www.zzptc.com/"},
{"湖南信息学院": "http://www.hnisc.com/hnisc/index.html"},
{"湖南财经工业职业技术学院": "http://www.hycgy.com/"},
{"湖南应用技术学院": "http://www.tongde.com/"},
{"湖南石油化工职业技术学院": "http://www.hnshzy.cn/"},
{"湖南化工职业技术学院": "http://www.hnhgzy.com/"},
{"湖南外国语职业学院": "http://www.hnflc.cn/"},
{"潇湘职业学院": "http://www.hnxxc.com/"},
{"长沙南方职业学院": "http://www.nfdx.net/"},
{"湖南高速铁路职业技术学院": "http://www.htcce.com/"},
{"张家界航空工业职业技术学院": "http://zjw.zjjhy.net/"},
{"长沙环境保护职业技术学院": "http://www.hbcollege.com.cn/"},
{"娄底职业技术学院": "http://www.ldzy.com"},
{"湖南环境生物职业技术学院": "http://www.hnebp.edu.cn/"},
{"吉首大学张家界学院": "http://zjj.jsu.edu.cn/"},
{"衡阳师范学院南岳学院": "http://nyxy.hynu.cn/"},
{"湖南农业大学东方科技学院": "http://www.hnaues.com/"},
{"长沙商贸旅游职业技术学院": "http://www.hncpu.com/"},
{"湖南水利水电职业技术学院": "http://www.hnslsdxy.com/"},
{"湘潭大学兴湘学院": "http://xxxy.xtu.edu.cn/"},
{"湖南网络工程职业学院": "http://www.hnevc.com/"},
{"保险职业学院": "http://www.bxxy.com/"},
{"邵阳职业技术学院": "http://www.syzyedu.com/"},
{"湖南商务职业技术学院": "http://www.hnswxy.com/"},
{"湖南涉外经济学院": "http://www.hunaneu.com/"},
{"湖南铁道职业技术学院": "http://www.hnrpc.com/"},
{"永州职业技术学院": "http://www.hnyzzy.com/"},
{"湖南工业大学": "http://www.hut.edu.cn/"},
{"湖南工程学院": "http://www.hnie.edu.cn/"},
{"湖南城市学院": "http://www.hncu.net/"},
{"湖南财政经济学院": "http://www.hufe.edu.cn/"},
{"湖南工业职业技术学院": "http://www.hunangy.com/"},
{"湖南商学院": "http://www.hnuc.edu.cn/"},
{"邵阳学院": "http://www.hnsyu.net/"},
{"衡阳师范学院": "http://www.hynu.cn/"},
{"湖南师范大学": "http://www.hunnu.edu.cn/"},
{"湖南科技大学": "http://www.hnust.cn/"},
{"长沙民政职业技术学院": "http://www.csmzxy.com/"},
{"长沙理工大学": "http://www.csust.edu.cn/"},
{"荆州教育学院": "http://www.jz100.net/"},
{"湘潭大学": "http://www.xtu.edu.cn/"},
{"湖北科技职业学院": "http://www.hubstc.com.cn/"},
{"湖北生态工程职业技术学院": "http://www.hb-green.com/"},
{"黄冈科技职业学院": "http://www.hbhgkj.com/"},
{"武汉民政职业学院": "http://www.whmzxy.cn/"},
{"长江工程职业技术学院": "http://www2.cj-edu.com.cn/"},
{"湖北艺术职业学院": "http://www.artschool.com.cn/"},
{"文华学院": "http://www.hustwenhua.net/"},
{"湖北经济学院法商学院": "http://fsxy.hbue.edu.cn/"},
{"湖北民族学院科技学院": "http://www.hbmykjxy.com/"},
{"长江大学文理学院": "http://wlxy.yangtzeu.edu.cn/"},
{"长江大学工程技术学院": "http://gcxy.yangtzeu.edu.cn/"},
{"江汉大学文理学院": "http://www.jdwlxy.cn/index.html"},
{"武汉科技大学城市学院": "http://www.city.wust.edu.cn/"},
{"湖北青年职业学院": "http://www.hbqnxy.com/"},
{"湖北大学知行学院": "http://www.hudazx.cn/"},
{"武汉晴川学院": "http://luojia-whu.cn/"},
{"武汉商贸职业学院": "http://www.whicu.com/"},
{"武汉信息传播职业技术学院": "http://www.whinfo.cn/"},
{"武汉外语外事职业学院": "http://www.whflfa.com/"},
{"湖北生物科技职业学院": "http://www.hbswkj.com/"},
{"武汉警官职业学院": "http://www.whpa.cn/"},
{"湖北城市建设职业技术学院": "http://www.hbucvc.edu.cn/"},
{"随州职业技术学院": "http://www.szvtc.cn/"},
{"仙桃职业学院": "http://www.hbxtzy.com/"},
{"武汉工贸职业学院": "http://whitvc.zsxx.e21.edu.cn/"},
{"恩施职业技术学院": "http://www.eszy.edu.cn/"},
{"荆楚理工学院": "http://www.jcut.edu.cn/"},
{"武汉船舶职业技术学院": "http://www.wspc.edu.cn/"},
{"湖北中医药高等专科学校": "http://www.hbzyy.org/"},
{"荆州理工职业学院": "http://www.jzlg.cn/"},
{"江汉大学": "http://www.jhun.edu.cn/"},
{"武汉职业技术学院": "http://www.wtc.edu.cn/"},
{"平顶山教育学院": "http://www.pdsjyxy.com/"},
{"中南财经政法大学": "http://www.zuel.edu.cn/"},
{"湖北大学": "http://www.hubu.edu.cn/"},
{"湖北工业大学": "http://www.hbut.edu.cn/"},
{"武汉轻工大学": "http://www.whpu.edu.cn/"},
{"武汉理工大学": "http://www.whut.edu.cn/2015web/index.htm"},
{"武汉纺织大学": "http://www.wtu.edu.cn/"},
{"星海音乐学院": "http://www.xhcom.edu.cn/"},
{"武汉工程大学": "http://www.wit.edu.cn/"},
{"惠州学院": "http://www.hzu.edu.cn/"},
{"长江大学": "http://www.yangtzeu.edu.cn/"},
{"许昌电气职业学院": "http://www.xcevc.cn"},
{"河南应用技术职业学院": "http://www.haict.edu.cn/"},
{"驻马店职业技术学院": "http://www.zmdvtc.cn/"},
{"漯河食品职业学院": "http://www.lsgx.com.cn/"},
{"郑州城市职业学院": "http://www.zcu.edu.cn/"},
{"许昌陶瓷职业学院": "http://www.xccvc.com/"},
{"河南工业贸易职业学院": "http://www.hngm.cn/"},
{"郑州旅游职业学院": "http://www.zztrc.edu.cn/"},
{"河南农业职业学院": "http://www.hnac.com.cn/"},
{"南阳医学高等专科学校": "http://www.nymc.edu.cn/"},
{"商丘医学高等专科学校": "http://www.sqyx.edu.cn/"},
{"河南大学民生学院": "http://minsheng.henu.edu.cn/"},
{"黄河交通学院": "http://www.zjtu.edu.cn/"},
{"郑州财经学院": "http://www.zzjm.edu.cn/"},
{"洛阳理工学院": "http://www.lit.edu.cn/"},
{"河南工业职业技术学院": "http://www.hnpi.cn/"},
{"鹤壁职业技术学院": "http://www.hbzy.edu.cn/"},
{"商丘职业技术学院": "http://www.sqzy.com.cn/"},
{"焦作师范高等专科学校": "http://www.jzsz.cn/"},
{"郑州工业安全职业学院": "http://www.zazy.cn/"},
{"开封大学": "http://www.kfu.edu.cn/"},
{"焦作大学": "http://www.jzu.edu.cn/"},
{"平顶山学院": "http://www.pdsu.edu.cn/"},
{"黄淮学院": "http://www.huanghuai.edu.cn/"},
{"郑州铁路职业技术学院": "http://www.zzrvtc.edu.cn/"},
{"三门峡职业技术学院": "http://www.smxpt.cn/"},
{"河南职业技术学院": "http://www.hnzj.edu.cn/"},
{"商丘师范学院": "http://www.sqnc.edu.cn/"},
{"许昌学院": "http://www.xcu.edu.cn/"},
{"南阳师范学院": "http://www.nynu.edu.cn/"},
{"河南科技学院": "http://www.hist.edu.cn/"},
{"河南科技大学": "http://www.haust.edu.cn/"},
{"河南工业大学": "http://www.haut.edu.cn/"},
{"郑州轻工业学院": "http://www.zzuli.edu.cn/"},
{"郑州大学": "http://www.zzu.edu.cn/"},
{"华北水利水电大学": "http://www.ncwu.edu.cn/"},
{"潍坊护理职业学院": "http://www.wfhlxy.com/"},
{"山东海事职业学院": "http://www.sdm.net.cn/"},
{"潍坊工程职业学院": "http://www.wfec.cn/"},
{"齐鲁师范学院": "http://www.qlnu.edu.cn/"},
{"山东文化产业职业学院": "http://www.sdcivc.com/"},
{"青岛远洋船员职业学院": "http://www.coscoqmc.com.cn/"},
{"山东理工职业学院": "http://www.sdlgzy.com/"},
{"烟台汽车工程职业学院": "http://www.ytqcvc.cn/"},
{"山东城市建设职业学院": "http://www.sdcjxy.com/"},
{"山东司法警官职业学院": "http://www.sdsfjy.com/"},
{"山东商务职业学院": "http://www.sdbi.com.cn/"},
{"山东财经大学东方学院": "http://www.sdor.cn/Index.html"},
{"山东药品食品职业学院": "http://www.sddfvc.cn/"},
{"山东外事翻译职业学院": "http://www.wsfy.edu.cn"},
{"泰山职业技术学院": "http://www.mtotc.com.cn/"},
{"山东旅游职业学院": "http://www.sdts.net.cn/website/"},
{"山东华宇工学院": "http://www.sdhyxy.com/"},
{"山东电子职业技术学院": "http://www.sdcet.cn/"},
{"淄博师范高等专科学校": "http://www.zbnc.edu.cn/"},
{"枣庄科技职业学院": "http://www.zzkjxy.com"},
{"山东中医药高等专科学校": "http://www.stcmchina.com/"},
{"德州职业技术学院": "http://www.dzvtc.cn/"},
{"潍坊工商职业学院": "http://www.wfgsxy.com/"},
{"山东外国语职业学院": "http://www.sdflc.com/"},
{"烟台大学文经学院": "http://wenjing.ytu.edu.cn/"},
{"山东化工职业学院": "http://www.qledu.net/"},
{"山东工业职业学院": "http://www.sdivc.net.cn/"},
{"山东经贸职业学院": "http://www.sdecu.com/"},
{"淄博职业学院": "http://www.zbvc.edu.cn/"},
{"山东交通职业学院": "http://www.sdjtzyxy.com/"},
{"青岛飞洋职业技术学院": "http://www.feiyangcollege.com/"},
{"山东畜牧兽医职业学院": "http://www.sdmyxy.cn/"},
{"山东水利职业学院": "http://www.sdwrp.com/"},
{"青岛恒星科技学院": "http://www.hx.cn/"},
{"滨州职业学院": "http://www.bzpt.edu.cn/"},
{"聊城职业技术学院": "http://www.lctvu.sd.cn/"},
{"东营职业学院": "http://www.dyxy.net/"},
{"潍坊职业学院": "http://www.sdwfvc.cn/"},
{"烟台职业学院": "http://www.ytvc.com.cn/web/18501/index;jsessionid=643E994C11AE1EE74CA25514A4504890"},
{"烟台南山学院": "http://www.nanshan.edu.cn/"},
{"鲁东大学": "http://www.ldu.edu.cn/"},
{"青岛职业技术学院": "http://www.qtc.edu.cn/"},
{"威海职业学院": "http://www.weihaicollege.com/"},
{"烟台大学": "http://www.ytu.edu.cn/"},
{"枣庄学院": "http://www.uzz.edu.cn/"},
{"山东工艺美术学院": "http://www.sdada.edu.cn/"},
{"山东商业职业技术学院": "http://www.sict.edu.cn/"},
{"山东艺术学院": "http://www.sdca.edu.cn/"},
{"菏泽学院": "http://www.hezeu.edu.cn/"},
{"山东体育学院": "http://www.sdpei.edu.cn/"},
{"青岛滨海学院": "http://www.binhaicollege.com/"},
{"曲阜远东职业技术学院": "http://www.fareast-edu.net/"},
{"临沂大学": "http://www.lyu.edu.cn/"},
{"济宁医学院": "http://www.jnmc.edu.cn/"},
{"滨州医学院": "http://www.bzmc.edu.cn/"},
{"泰山医学院": "http://www.tsmc.edu.cn/"},
{"青岛农业大学": "http://www.qau.edu.cn/"},
{"山东中医药大学": "http://www.sdutcm.edu.cn/"},
{"山东农业大学": "http://www.sdau.edu.cn/"},
{"山东理工大学": "http://www.sdut.edu.cn/"},
{"江西泰豪动漫职业学院": "http://www.tellhowedu.com/"},
{"泰山学院": "http://www.tsu.edu.cn/"},
{"中国海洋大学": "http://www.ouc.edu.cn/"},
{"南昌教育学院": "http://www.ncjyxy.cn/"},
{"上饶职业技术学院": "http://www.srzy.cn/"},
{"江西制造职业技术学院": "http://www.jxmtc.com/"},
{"江西航空职业技术学院": "http://www.jhxy.com.cn/"},
{"江西青年职业学院": "http://www.jxqy.com.cn/"},
{"江西中医药高等专科学校": "http://www.jxtcms.net/"},
{"江西科技师范大学理工学院": "http://www.jxstnupi.cn/"},
{"景德镇陶瓷大学科技艺术学院": "http://www.jci-ky.cn/"},
{"南昌大学科学技术学院": "http://www.ndkj.com.cn/"},
{"南昌大学共青学院": "http://www.ndgy.cn/"},
{"抚州职业技术学院": "http://www.fzjsxy.com/"},
{"南昌航空大学科技学院": "http://www.nckjxy.cn/go"},
{"江西生物科技职业学院": "http://www.jxswkj.com/"},
{"江西外语外贸职业学院": "http://www.jxcfs.com/"},
{"南昌工学院": "http://www.ncgxy.com/index.html"},
{"江西科技职业学院": "http://www.jxkeda.com/index.html"},
{"宜春职业技术学院": "http://www.ycvc.jx.cn/"},
{"江西财经职业学院": "http://www.jxvc.jx.cn/"},
{"江西工业贸易职业技术学院": "http://www.jxgmxy.com/"},
{"鹰潭职业技术学院": "http://www.jxytxy.com.cn/"},
{"江西艺术职业学院": "http://www.jxysedu.com/"},
{"江西工程职业学院": "http://www.jxgcxy.com/"},
{"江西环境工程职业学院": "http://www.jxhjxy.com/"},
{"江西司法警官职业学院": "http://www.jxsfjy.cn/"},
{"江西工业职业技术学院": "http://www.jxgzy.cn/"},
{"井冈山大学": "http://www.jgsu.edu.cn/"},
{"赣南师范大学": "http://www.gnnu.cn/"},
{"九江职业技术学院": "http://www.jvtc.jx.cn/"},
{"宜春学院": "http://www.ycu.jx.cn/"},
{"上饶师范学院": "http://www.sru.jx.cn/"},
{"江西师范大学": "http://www.jxnu.edu.cn/"},
{"福建教育学院": "http://www.fjjyxy.com/"},
{"厦门安防科技职业学院": "http://www.xmafkj.com/"},
{"漳州理工职业学院": "http://www.zzlg.org/"},
{"泉州轻工职业学院": "http://www.qzqgxy.com/"},
{"厦门东海职业技术学院": "http://www.xmdh.com/"},
{"漳州城市职业学院": "http://www.zcvc.cn/"},
{"三明医学科技职业学院": "http://www.smvtc.com/"},
{"泉州工艺美术职业学院": "http://www.dhcc.cc/"},
{"厦门城市职业学院": "http://www.xmcu.cn/"},
{"福建艺术职业学院": "http://www.fjyszyxy.com/"},
{"福州海峡职业技术学院": "http://www.hxcollege.com/"},
{"湄洲湾职业技术学院": "http://www.fjmzw.com/"},
{"厦门演艺职业学院": "http://www.xmyanyi.com/"},
{"福州黎明职业技术学院": "http://www.fzlmxy.cn/lm/index.asp"},
{"福州大学至诚学院": "http://www.fdzcxy.com/main/"},
{"泉州信息工程学院": "http://www.qziedu.cn/"},
{"厦门工学院": "http://www.xit.edu.cn/"},
{"福建师范大学闽南科技学院": "http://www.mnkjxy.com/"},
{"福建农林大学东方学院": "http://www.fafuoc.com/index.html"},
{"泉州华光职业学院": "http://www.hgu.cn/"},
{"泉州纺织服装职业学院": "http://www.qzfzfz.com/"},
{"闽南理工学院": "http://www.mnust.cn/"},
{"泉州医学高等专科学校": "http://www.qzygz.com/"},
{"福建林业职业技术学院": "http://www.fjlzy.com/"},
{"福建信息职业技术学院": "http://www.mitu.cn/"},
{"福建华南女子职业学院": "http://www.hnwomen.com.cn/"},
{"福州职业技术学院": "http://www.fvti.cn/"},
{"福建警察学院": "http://www.fjpsc.edu.cn/"},
{"漳州职业技术学院": "http://www.fjzzy.org/"},
{"龙岩学院": "http://www.lyun.edu.cn/"},
{"厦门理工学院": "http://www.xmut.edu.cn/"},
{"安徽黄梅戏艺术职业学院": "http://www.ahmxx.cn/"},
{"福建船政交通职业学院": "http://www.fjcpc.edu.cn/"},
{"江西应用科技学院": "http://www.jxcsedu.com/"},
{"福建医科大学": "http://www.fjmu.edu.cn/"},
{"集美大学": "http://www.jmu.edu.cn/"},
{"福建农林大学": "http://www.fafu.edu.cn/"},
{"福建工程学院": "https://www.fjut.edu.cn/"},
{"福州大学": "http://www.fzu.edu.cn/"},
{"华侨大学": "http://zsc.hqu.edu.cn"},
{"华侨大学": "http://www.hqu.edu.cn/"},
{"厦门大学": "https://www.xmu.edu.cn/"},
{"皖西卫生职业学院": "http://www.wxwsxy.cn/"},
{"黄山职业技术学院": "http://www.hszyxy.com/"},
{"合肥信息技术职业学院": "http://www.hfitu.cn/"},
{"安徽汽车职业技术学院": "http://www.jacedu.cn/"},
{"河海大学文天学院": "http://www.hhuwtian.edu.cn/"},
{"徽商职业学院": "http://www.huishangedu.cn/"},
{"马鞍山职业技术学院": "http://www.mastc.edu.cn/"},
{"蚌埠经济技术职业学院": "http://www.bjy.ah.cn/"},
{"合肥共达职业技术学院": "http://gdxy.hfut.edu.cn/"},
{"安徽涉外经济职业学院": "http://www.ahaec-edu.cn/"},
{"安徽新闻出版职业技术学院": "http://www.ahcbxy.cn/"},
{"安徽公安职业学院": "http://www.ahgaxy.com.cn/"},
{"安徽林业职业技术学院": "http://www.ahlyxy.cn/chinese/index.htm"},
{"安徽农业大学经济技术学院": "http://jjjs.ahau.edu.cn/"},
{"阜阳科技职业学院": "http://www.fky.net.cn/"},
{"安徽工商职业学院": "http://ahbvc.cn/"},
{"安徽机电职业技术学院": "http://www.ahcme.edu.cn/"},
{"安徽城市管理职业学院": "http://www.cmoc.cn/"},
{"安徽广播影视职业技术学院": "http://www.amtc.cn/"},
{"池州职业技术学院": "http://www.czgz.cn/"},
{"滁州职业技术学院": "http://www.czc.net.cn/"},
{"宣城职业技术学院": "http://www.xcvtc.edu.cn/"},
{"安徽电子信息职业技术学院": "http://www.avceit.cn/"},
{"六安职业技术学院": "http://www.lvtc.edu.cn/"},
{"安徽文达信息工程学院": "http://www.wendaedu.com.cn/"},
{"安徽工业经济职业技术学院": "http://www.ahiec.net/"},
{"淮南职业技术学院": "http://www.hnvtc.ah.edu.cn/"},
{"山东劳动职业技术学院": "http://www.sdlvtc.cn/"},
{"安徽商贸职业技术学院": "http://www.abc.edu.cn/"},
{"合肥学院": "http://www.hfuu.edu.cn/"},
{"淮北职业技术学院": "http://www.hbvtc.net/"},
{"铜陵学院": "http://www.tlu.edu.cn/"},
{"巢湖学院": "http://www.chu.edu.cn/"},
{"安徽职业技术学院": "http://www.ahtu.ah.cn/forum.php"},
{"滁州学院": "http://www.chzu.edu.cn/"},
{"安徽财经大学": "http://www.aufe.edu.cn/"},
{"黄山学院": "http://www.hsu.edu.cn/"},
{"淮北师范大学": "http://www.chnu.edu.cn/"},
{"安徽理工大学": "http://www.aust.edu.cn"},
{"安徽工业大学": "http://www.ahut.edu.cn/"},
{"中国科学技术大学": "http://www.ustc.edu.cn/"},
{"宁波教育学院": "http://www.nbei.net/"},
{"安徽警官职业学院": "http://www.ahjgxy.com/"},
{"浙江音乐学院": "http://www.zjcm.edu.cn/"},
{"浙江国际海运职业技术学院": "http://www.zimc.cn/index.asp"},
{"浙江财经大学东方学院": "http://www.zufedfc.edu.cn/"},
{"宿州职业技术学院": "http://www.szzy.ah.cn/web/index.aspx"},
{"丽水职业技术学院": "http://www.lszjy.com/"},
{"浙江东方职业技术学院": "http://www.zjdfc.com/"},
{"浙江体育职业技术学院": "http://www.zjcs.net.cn/"},
{"中国计量大学现代科技学院": "http://xdkj.cjlu.edu.cn/"},
{"义乌工商职业技术学院": "http://www.ywu.cn/"},
{"温州大学瓯江学院": "http://www.ojc.zj.cn/"},
{"绍兴职业技术学院": "http://www.sxvtc.com/"},
{"杭州电子科技大学信息工程学院": "http://www.hziee.edu.cn/"},
{"浙江邮电职业技术学院": "http://www.zptc.cn/"},
{"浙江广厦建设职业技术学院": "http://www.guangshaxy.com/"},
{"浙江纺织服装职业技术学院": "http://www.zjff.net/"},
{"浙江长征职业技术学院": "http://www.zjczxy.cn/"},
{"杭州职业技术学院": "http://www.hzvtc.edu.cn/"},
{"浙江育英职业技术学院": "http://www.zjyyc.com/"},
{"杭州科技职业技术学院": "http://www.hzpt.edu.cn/"},
{"宁波城市职业技术学院": "http://www.nbcc.cn/"},
{"浙江交通职业技术学院": "http://www.zjvtit.edu.cn/"},
{"浙江警官职业学院": "http://www.zjjy.com.cn/"},
{"浙江金融职业学院": "http://www.zfc.edu.cn/"},
{"浙江万里学院": "http://www.zjwu.net/"},
{"浙江财经大学": "http://www.zufe.edu.cn/"},
{"浙江科技学院": "http://www.zust.edu.cn/"},
{"浙江师范大学": "http://www.zjnu.edu.cn/"},
{"浙江理工大学": "http://www.zstu.edu.cn/"},
{"浙江农林大学": "http://www.zafu.edu.cn/"},
{"金华职业技术学院": "http://www.jhc.cn/"},
{"浙江传媒学院": "http://www.zjicm.edu.cn/web_1/pages/"},
{"温州大学": "http://www.wzu.edu.cn/"},
{"温州医科大学": "http://www.wmu.edu.cn"},
{"苏州信息职业技术学院": "http://www.szitu.cn/"},
{"南通大学杏林学院": "http://xlxy.ntu.edu.cn/"},
{"苏州科技大学天平学院": "http://tpxy.usts.edu.cn/"},
{"南京机电职业技术学院": "http://www.nimt.cn/"},
{"扬州工业职业技术学院": "http://www.ypi.edu.cn/"},
{"苏州健雄职业技术学院": "http://www.wjxvtc.cn/"},
{"盐城工业职业技术学院": "http://www.yctei.cn/"},
{"无锡工艺职业技术学院": "http://www.wxgyxy.cn/"},
{"中国传媒大学南广学院": "http://www.cucn.edu.cn/"},
{"无锡太湖学院": "http://www.thxy.org/"},
{"江阴职业技术学院": "http://www.jypc.org/"},
{"宿迁职业技术学院": "http://www.cjsiu.com/"},
{"南京铁道职业技术学院": "http://www.njrts.edu.cn/"},
{"江苏食品药品职业技术学院": "http://www.jsfsc.edu.cn/"},
{"江苏农林职业技术学院": "http://www.jsafc.edu.cn"},
{"建东职业技术学院": "http://www.czjdu.com/"},
{"常州轻工职业技术学院": "http://www.czili.edu.cn/"},
{"无锡南洋职业技术学院": "http://www.wsoc.edu.cn/"},
{"江海职业技术学院": "http://www.jhu.cn/"},
{"南京航空航天大学金城学院": "http://jc.nuaa.edu.cn/"},
{"太湖创意职业技术学院": "http://www.thcyzy.org/html/index.asp"},
{"苏州农业职业技术学院": "http://www.szai.com/"},
{"东南大学成贤学院": "http://cxxy.seu.edu.cn/"},
{"江苏农牧科技职业学院": "http://www.jsahvc.edu.cn/"},
{"南京交通职业技术学院": "http://www.njitt.edu.cn/"},
{"苏州卫生职业技术学院": "http://www.szmtc.com/"},
{"南通科技职业学院": "http://www.ntst.edu.cn/"},
{"泰州职业技术学院": "http://www.tzpc.edu.cn/"},
{"苏州经贸职业技术学院": "http://www.szjm.edu.cn/site/szjm/"},
{"硅湖职业技术学院": "http://www.usl.edu.cn/"},
{"南京晓庄学院": "http://www.njxzc.edu.cn/"},
{"扬州市职业大学": "http://www.yzpc.edu.cn/"},
{"连云港师范高等专科学校": "http://www.lygsf.cn/"},
{"江苏理工学院": "http://www.jstu.edu.cn/"},
{"南京审计大学": "http://www.nau.edu.cn/"},
{"常州工学院": "http://www.czu.cn/"},
{"徐州工程学院": "http://www.xzit.edu.cn/"},
{"淮阴工学院": "http://www.hyit.edu.cn/"},
{"连云港职业技术学院": "http://www.lygtc.net.cn/"},
{"苏州科技大学": "http://web.usts.edu.cn/"},
{"无锡职业技术学院": "http://www.wxit.edu.cn/"},
{"南京艺术学院": "http://www.njarti.edu.cn/"},
{"淮阴师范学院": "http://www.hytc.edu.cn/"},
{"常熟理工学院": "http://www.cslg.edu.cn"},
{"中国药科大学": "http://www.cpu.edu.cn/"},
{"南京师范大学": "http://www.njnu.edu.cn/"},
{"江苏建筑职业技术学院": "http://www.jsjzi.edu.cn/"},
{"南京医科大学": "http://www.njmu.edu.cn/"},
{"南京信息工程大学": "http://www.nuist.edu.cn/"},
{"南通大学": "http://www.ntu.edu.cn/"},
{"江苏城市职业学院": "http://www.jscvc.cn/"},
{"江苏大学": "http://www.ujs.edu.cn/"},
{"南京林业大学": "http://www.njfu.edu.cn/"},
{"南京农业大学": "http://www.njau.edu.cn/"},
{"南京航空航天大学": "http://www.nuaa.edu.cn/"},
{"东南大学": "http://www.seu.edu.cn/"},
{"苏州大学": "http://www.suda.edu.cn/"},
{"上海中侨职业技术学院": "http://www.shzq.edu.cn/"},
{"上海中华职业技术学院": "http://www.zhonghuacollege.com/"},
{"上海体育职业学院": "http://www.ssi.edu.cn/mainAction.do"},
{"上海工商外国语职业学院": "http://www.sicfl.edu.cn/"},
{"上海电子信息职业技术学院": "http://www.stiei.edu.cn/"},
{"上海电机学院": "http://www.sdju.edu.cn/"},
{"上海立信会计金融学院": "http://www.lixin.edu.cn/"},
{"上海大学": "http://www.shu.edu.cn/"},
{"上海戏剧学院": "http://www.sta.edu.cn/"},
{"上海音乐学院": "http://www.shcmusic.edu.cn/"},
{"华东政法大学": "http://www.ecupl.edu.cn/"},
{"华东师范大学": "http://www.ecnu.edu.cn/"},
{"上海应用技术大学": "http://www.sit.edu.cn/"},
{"东华大学": "http://www.dhu.edu.cn/"},
{"上海电力学院": "http://www.shiep.edu.cn/"},
{"上海海事大学": "http://www.shmtu.edu.cn/"},
{"上海交通大学": "http://www.sjtu.edu.cn/"},
{"上海理工大学": "http://www.usst.edu.cn/"},
{"同济大学": "https://www.tongji.edu.cn/"},
{"黑龙江幼儿师范高等专科学校": "http://www.hljys.cn/"},
{"哈尔滨应用职业技术学院": "http://www.hyyzy.com/"},
{"七台河职业学院": "http://www.qthzyxy.com/"},
{"黑龙江能源职业学院": "http://www.hmzy.cn/"},
{"黑龙江民族职业学院": "http://www.mvcollege.com/"},
{"大庆医学高等专科学校": "http://dqyz.petrodaqing.com/"},
{"黑龙江三江美术职业学院": "http://www.sjmsxy.net.cn/"},
{"上海邦德职业技术学院": "http://www.shbangde.com/"},
{"黑龙江农垦科技职业学院": "http://www.nkkjxy.org.cn"},
{"哈尔滨剑桥学院": "http://www.jqu.net.cn/"},
{"黑龙江工程学院昆仑旅游学院": "http://www.kllyxy.com/"},
{"哈尔滨远东理工学院": "http://www.fe-edu.com.cn/"},
{"哈尔滨铁道职业技术学院": "http://www.htxy.net/"},
{"黑龙江外国语学院": "http://www.hiu.edu.cn/"},
{"黑龙江工程学院": "http://www.hljit.edu.cn/"},
{"鹤岗师范高等专科学校": "http://www.hgtc.org.cn/"},
{"黑龙江中医药大学": "http://www.hljucm.net/"},
{"东北农业大学": "http://www.neau.edu.cn/"},
{"佳木斯大学": "http://www.jmsu.org/"},
{"哈尔滨理工大学": "http://www.hrbust.edu.cn/"},
{"长白山职业技术学院": "http://www.cbsvtc.com.cn/"},
{"吉林铁道职业技术学院": "http://www.jtpt.cn/"},
{"白城职业技术学院": "http://www.bcvit.cn/"},
{"吉林科技职业技术学院": "http://www.jilinkj.com/Officialwebsite/index.aspx"},
{"长春大学旅游学院": "http://www.cctourcollege.com/"},
{"白城医学高等专科学校": "http://www.bcyz.cn/"},
{"吉林师范大学博达学院": "http://www.bdxy.com.cn/"},
{"吉林工业职业技术学院": "http://www.jvcit.edu.cn/"},
{"吉林电子信息职业技术学院": "http://www.jltc.edu.cn/"},
{"长春大学": "http://www.ccu.edu.cn/"},
{"东北电力大学": "http://www.nedu.edu.cn/"},
{"吉林华桥外国语学院": "http://www.hqwy.com/"},
{"吉林警察学院": "http://www.jljcxy.com/"},
{"四平职业大学": "http://www.spvu.edu.cn"},
{"白城师范学院": "http://www.bcsfxy.com/"},
{"吉林艺术学院": "http://www.jlart.edu.cn/"},
{"通化师范学院": "http://www.thnu.edu.cn/"},
{"东北师范大学": "http://www.nenu.edu.cn/"},
{"吉林化工学院": "http://www.jlict.edu.cn/"},
{"辽宁工程职业学院": "http://www.lngczyxy.com/"},
{"辽宁城市建设职业技术学院": "http://www.lncjxy.com/"},
{"辽宁现代服务职业技术学院": "http://www.lnxdfwxy.com/"},
{"辽宁冶金职业技术学院": "http://www.lnyj.net/"},
{"辽宁商贸职业学院": "http://www.lnsmzy.edu.cn/"},
{"辽宁财贸学院": "http://www.lncmxy.com/"},
{"辽宁何氏医学院": "http://www.he-edu.com/"},
{"辽宁中医药大学杏林学院": "http://www.lncmxl.edu.cn/"},
{"大连艺术学院": "http://www.dac.edu.cn/"},
{"大连工业大学艺术与信息工程学院": "http://www.caie.org/"},
{"大连科技学院": "http://www.ieidjtu.edu.cn/"},
{"大连理工大学城市学院": "http://city.dlut.edu.cn/"},
{"渤海船舶职业学院": "http://www.bhcy.cn/"},
{"大连汽车职业技术学院": "http://www.edlqcxy.com"},
{"辽宁石化职业技术学院": "http://www.lnpc.edu.cn/"},
{"辽宁机电职业技术学院": "http://www.lnmec.net.cn/"},
{"辽宁广告职业学院": "http://www.ggxy.com/"},
{"大连枫叶职业技术学院": "http://www.dlxgjy.com/"},
{"大连民族大学": "http://www.dlnu.edu.cn/hhh/index.htm"},
{"大连大学": "http://www.dlu.edu.cn/"},
{"辽宁科技学院": "http://www.lnist.edu.cn/"},
{"辽宁警察学院": "http://zsjy.lnpc.cn"},
{"辽宁警察学院": "http://www.lnpc.cn/"},
{"阜新高等专科学校": "http://www.fxgz.com.cn/"},
{"辽宁中医药大学": "http://www.lnutcm.edu.cn/"},
{"辽阳职业技术学院": "http://www.419.com.cn/M1P/index.jsp?o=0100"},
{"辽宁农业职业技术学院": "http://www.lnnzy.ln.cn/"},
{"锦州师范高等专科学校": "http://www.jzsz.com.cn/"},
{"鲁迅美术学院": "http://www.lumei.edu.cn/"},
{"抚顺师范高等专科学校": "http://www.fstc.cn/"},
{"沈阳体育学院": "http://www.syty.edu.cn/"},
{"沈阳音乐学院": "http://www.sycm.com.cn/"},
{"大连外国语大学": "http://www.dlufl.edu.cn/"},
{"渤海大学": "http://www.bhu.edu.cn/"},
{"朝阳师范高等专科学校": "http://www.cysz.com.cn/"},
{"沈阳师范大学": "http://www.synu.edu.cn/"},
{"辽宁师范大学": "http://www.lnnu.edu.cn/"},
{"鞍山师范学院": "http://www.asnc.edu.cn/"},
{"沈阳建筑大学": "http://www.sjzu.edu.cn/"},
{"辽宁石油化工大学": "http://www.lnpu.edu.cn/"},
{"沈阳化工大学": "http://www.syuct.edu.cn/"},
{"辽宁工程技术大学": "http://www.lntu.edu.cn/"},
{"东北大学": "http://www.neu.edu.cn/"},
{"沈阳理工大学": "http://www.sylu.edu.cn/sylusite/"},
{"沈阳工业大学": "http://www.sut.edu.cn/"},
{"大连理工大学": "http://www.dlut.edu.cn/"},
{"大连理工大学": "http://recruit.dlut.edu.cn/www/index/index.jsp"},
{"阿拉善职业技术学院": "http://www.alszyxy.cn/"},
{"鄂尔多斯职业学院": "http://www.ordosvc.cn/"},
{"内蒙古大学创业学院": "http://www.imuchuangye.cn/"},
{"包头铁道职业技术学院": "http://www.bttzy.com/"},
{"科尔沁艺术职业学院": "http://www.keqysxy.com.cn/web/yszyxy/index.html"},
{"乌兰察布职业学院": "http://www.wlcbzyxy.com.cn/"},
{"内蒙古警察职业学院": "http://www.imppc.cn/"},
{"内蒙古化工职业学院": "http://www.hgzyxy.com.cn/"},
{"内蒙古电子信息职业技术学院": "http://www.imeic.cn/"},
{"包头轻工职业技术学院": "http://www.btqy.com.cn/"},
{"河套学院": "http://www.hetaodaxue.com/"},
{"兴安职业技术学院": "http://www.nmxzy.cn/"},
{"集宁师范学院": "http://www.jntc.nm.cn/"},
{"赤峰学院": "http://www.cfxy.cn/"},
{"内蒙古师范大学": "http://www.imnu.edu.cn/"},
{"内蒙古农业大学": "http://www.imau.edu.cn/"},
{"内蒙古工业大学": "http://www.imut.edu.cn/"},
{"内蒙古大学": "http://www.imu.edu.cn/"},
{"阳泉师范高等专科学校": "http://www.sxyqsz.cn/"},
{"山西轻工职业技术学院": "http://www.sxqgzy.cn/"},
{"朔州职业技术学院": "http://www.szvtc.com/"},
{"太原工业学院": "http://www.tit.edu.cn/"},
{"运城幼儿师范高等专科学校": "http://www.sxycys.com/"},
{"山西运城农业职业技术学院": "http://www.ycnxy.com/"},
{"山西同文职业技术学院": "http://www.sxtwedu.com/"},
{"山西职业技术学院": "http://www.sxzy.edu.cn/"},
{"山西国际商务职业学院": "http://www.sxibs.com/"},
{"山西体育职业学院": "http://www.sxptc.com/"},
{"山西工商学院": "http://www.sxtbu.net/"},
{"伊春职业学院": "http://www.ycvc.com.cn/"},
{"山西财经大学华商学院": "http://www.schsxy.com/"},
{"山西信息职业技术学院": "http://www.vcit.cn/"},
{"山西农业大学信息学院": "http://www.cisau.com.cn/"},
{"太原科技大学华科学院": "http://www.kdhk.cn/"},
{"山西金融职业学院": "http://www.sxjrzyxy.com/inc/index.asp"},
{"太原城市职业技术学院": "http://www.cntcvc.com/"},
{"山西林业职业技术学院": "http://www.sxly.com.cn/"},
{"山西水利职业技术学院": "http://wwww.sxsy.com.cn:800"},
{"山西财贸职业技术学院": "http://www.sxcmvc.com/"},
{"大同煤炭职业技术学院": "http://www.dtmtxy.cn/"},
{"山西机电职业技术学院": "http://www.sxjdxy.org/"},
{"山西交通职业技术学院": "http://www.sxjt.edu.cn/"},
{"山西建筑职业技术学院": "http://www.sxatc.com/"},
{"山西艺术职业学院": "http://www.sxyz.com/"},
{"山西省财政税务专科学校": "http://www.sxftc.edu.cn:8089/schoolww/"},
{"长治学院": "http://www.czc.edu.cn/"},
{"晋中学院": "http://new.jzxy.edu.cn/"},
{"太原师范学院": "http://www.tynu.edu.cn/"},
{"长治医学院": "http://www.czmc.com/"},
{"山西医科大学": "http://www.sxmu.edu.cn/"},
{"山西农业大学": "http://www.sxau.edu.cn/"},
{"太原理工大学": "http://www2017.tyut.edu.cn/"},
{"中北大学": "http://www.nuc.edu.cn"},
{"太原科技大学": "http://www.tyust.edu.cn/"},
{"山西大学": "http://www.sxu.edu.cn/"},
{"河北青年管理干部学院": "http://www.hbqgy.cn/"},
{"河北环境工程学院": "http://www.emcc.cn/"},
{"石家庄科技职业学院": "http://www.sjzkjxy.net/"},
{"河北劳动关系职业学院": "http://www.hbgy.edu.cn/"},
{"燕山大学里仁学院": "http://stc.ysu.edu.cn/"},
{"黎明职业大学": "http://www.lmu.edu.cn/"},
{"石家庄铁道大学四方学院": "http://www.stdusfc.cn/"},
{"河北外国语学院": "http://www.hbwy.com.cn/"},
{"河北公安警察职业学院": "http://www.hebsjy.com/"},
{"石家庄工商职业学院": "http://www.sjzgsxy.com/"},
{"河北女子职业技术学院": "http://www.hebnzxy.com/"},
{"唐山科技职业技术学院": "http://www.tskjzy.cn/"},
{"石家庄邮电职业技术学院": "http://www.sjzpc.edu.cn/sjzyd/"},
{"廊坊职业技术学院": "http://www.lfzhjxy.cn/php/w_index.php"},
{"保定电力职业技术学院": "http://www.bddy.cn/"},
{"唐山工业职业技术学院": "http://www.tsgzy.edu.cn/"},
{"唐山职业技术学院": "http://www.tsvtc.com/"},
{"衡水职业技术学院": "http://www.hsvtc.cn/"},
{"河北传媒学院": "http://www.hebic.cn/"},
{"石家庄铁路职业技术学院": "http://www.sirt.edu.cn/"},
{"秦皇岛职业技术学院": "http://www.qhdvtc.com/"},
{"沧州职业技术学院": "http://www.czvtc.cn/"},
{"河北政法职业学院": "http://www.helc.edu.cn/"},
{"河北金融学院": "http://www.hbcf.edu.cn/"},
{"安徽审计职业学院": "http://www.ahsjxy.cn/"},
{"河北建材职业技术学院": "http://www.hbjcxy.com/"},
{"石家庄职业技术学院": "http://www.sjzpt.edu.cn/"},
{"河北体育学院": "http://www.hepec.edu.cn/"},
{"邯郸职业技术学院": "http://www.hd-u.com/hdzj"},
{"河北工业职业技术学院": "http://www.hbcit.edu.cn/"},
{"北京科技大学天津学院": "http://tj.ustb.edu.cn/"},
{"燕山大学": "http://www.ysu.edu.cn/"},
{"河北科技师范学院": "http://www.hevttc.edu.cn/"},
{"石家庄铁道大学": "http://www.stdu.edu.cn/"},
{"天津理工大学中环信息学院": "http://www.tjzhic.com/export/sites/tjzhic/"},
{"河北农业大学": "http://www.hebau.edu.cn/"},
{"河北科技大学": "http://www.hebust.edu.cn/"},
{"天津铁道职业技术学院": "http://www.tjtdxy.cn/"},
{"南开大学滨海学院": "http://binhai.nankai.edu.cn/"},
{"天津交通职业学院": "http://www.tjtvc.com/"},
{"天津轻工职业技术学院": "http://www.tjlivtc.edu.cn/"},
{"天津现代职业技术学院": "http://www.xdxy.com.cn/"},
{"天津电子信息职业技术学院": "http://www.tjdz.net/"},
{"天津公安警官职业学院": "http://www.tjjingyuan.cn/"},
{"北京大学医学部": "http://www.bjmu.edu.cn/"},
{"天津青年职业学院": "http://www.tjqnzyxy.cn"},
{"天津中德应用技术大学": "http://www.zdtj.cn/"},
{"天津中医药大学": "http://www.tjutcm.edu.cn/"},
{"天津工程职业技术学院": "http://www.tjeti.com/"},
{"天津滨海职业学院": "http://www.tjbpi.com.cn/website/"},
{"天津理工大学": "http://www.tjut.edu.cn/"},
{"天津农学院": "http://www.tjau.edu.cn/"},
{"河北石油职业技术学院": "http://www.pvtc.edu.cn/"},
{"天津科技大学": "http://www.tust.edu.cn/"},
{"北京体育职业学院": "http://www.bjtzhy.org/"},
{"北京劳动保障职业学院": "http://www.bvclss.cn/"},
{"北京戏曲艺术职业学院": "http://www.bjxx.com.cn/"},
{"北京汇佳职业学院": "http://www.hju.net.cn/"},
{"北京交通职业技术学院": "http://www.jtxy.com.cn/"},
{"北京经贸职业学院": "http://www.csuedu.com/"},
{"北京财贸职业学院": "http://www.bjczy.edu.cn/"},
{"中国劳动关系学院": "http://www.ciir.edu.cn/"},
{"北京农业职业学院": "http://www.bvca.edu.cn/"},
{"北京电子科技职业学院": "http://www.dky.bjedu.cn/"},
{"北京京北职业技术学院": "http://www.jbzy.com.cn/"},
{"北京工业职业技术学院": "http://www.bgy.org.cn/"},
{"中国政法大学": "http://www.cupl.edu.cn/"},
{"北京舞蹈学院": "http://www.bda.edu.cn/"},
{"中央民族大学": "http://www.muc.edu.cn/index.html"},
{"北京电影学院": "http://www.bfa.edu.cn/"},
{"中国戏曲学院": "http://www.nacta.edu.cn/"},
{"中央戏剧学院": "http://www.zhongxi.cn/"},
{"中国人民大学": "http://www.ruc.edu.cn/"},
{"清华大学": "http://www.tsinghua.edu.cn/"},
{"北京语言大学": "http://www.blcu.edu.cn/"},
{"北京第二外国语学院": "http://www.bisu.edu.cn/"},
{"首都师范大学": "http://www.cnu.edu.cn/"},
{"北京师范大学": "http://www.bnu.edu.cn/"},
{"首都医科大学": "http://www.ccmu.edu.cn/"},
{"北京协和医学院": "http://www.pumc.edu.cn/"},
{"大庆职业学院": "http://www.dqzyxy.net/"},
{"首都经济贸易大学密云分校": "http://www.Jmdx-myfx.com/"},
{"山西经贸职业学院": "http://www.sxemc.com/"},
{"牡丹江大学": "http://www.mdjdx.cn/mdnew/index.asp"},
{"青岛酒店管理职业技术学院": "http://www.qchm.edu.cn/"},
{"河南质量工程职业学院": "http://www.zlxy.cn"},
{"郑州升达经贸管理学院": "http://www.shengda.edu.cn/"},
{"湖北师范大学": "http://www.hbnu.edu.cn/"},
{"广州美术学院": "http://www.gzarts.edu.cn/2013/"},
{"广东农工商职业技术学院": "http://www.gdaib.edu.cn/"},
{"福建师范大学协和学院": "http://cuc.fjnu.edu.cn/"},
{"延边大学": "http://www.ybu.edu.cn/"},
{"福建对外经济贸易职业技术学院": "http://www.fibec.cn/"}
]