[
    {"安徽体育运动职业技术学院": "http://www.ahty.net/"},
    {"四川大学锦城学院": "http://www.scujcc.com.cn/"},
    {"嘉兴学院 南湖学院": "http://nhxy.zjxu.edu.cn/"},
    {"河南教育学院": "http://www.haie.edu.cn/"},
    {"河南财经政法大学成功学院": "http://www.chenggong.edu.cn/"},
    {"华中农业大学楚天学院": "http://www.hnctxy.com/"},
    {"华中师范大学武汉传媒学院": "http://www.whmc.edu.cn/"},
    {"广西中医学院赛恩斯新医药学院": "http://www.gxzyxysy.com/"},
    {"广西工学院鹿山学院": "http://www.lzls.gxut.edu.cn/"},
    {"北海艺术设计职业学院": "http://www.sszss.com/"},
    {"淮南联合大学": "http://www.hnuu.edu.cn/index.jsp"},
    {"义乌工商学院": "http://www.ywu.cn/"},
    {"宁波天一职业技术学院": "http://www.nbchs.net/"},
    {"泉州幼儿师范高等专科学校": "http://www.qzys.net/"},
    {"福州大学阳光学院": "http://ygxy.fzu.edu.cn/"},
    {"三明职业技术学院": "http://www.smvtc.com/"},
    {"闽西职业技术学院": "http://www.mxdx.net/"},
    {"厦门东海学院": "http://www.xmdh.com/"},
    {"天福茶学院": "http://www.tftc.edu.cn/"},
    {"江西科技师范学院理工学院": "http://www.jxstnupi.cn/"},
    {"江西中医学院科技学院": "http://www.jxtcmstc.com/"},
    {"南通农业职业技术学院": "http://www.ntst.edu.cn/"},
    {"苏州科技学院天平学院": "http://tpxy.usts.edu.cn/"},
    {"中北学院": "http://www.nnuzc.cn/"},
    {"郑州经贸职业学院": "http://www.zzjm.edu.cn/"},
    {"中州大学": "http://www.zhzhu.edu.cn/"},
    {"湖北中医药高等专科学校": "http://www.hbzyy.org/"},
    {"襄樊职业技术学院": "http://www.hbxftc.com/"},
    {"广西壮族自治区经济管理干部学院": "http://www.jgy.gx.cn/"},
    {"株洲市工业中等专业学校株洲市职工大学": "http://www.zzgyxx.cn/campusnet/"},
    {"湘潭职业技术学院": "http://www.xtzy.com/"},
    {"榆林职业技术学院（神木校区）": "http://www.ylsmvtc.com/"},
    {"西安理工大学高科学院": "http://www.xthtc.com/"},
    {"广东外语艺术职业学院": "https://www.gtcfla.net/"},
    {"华南艺术教育品牌学院": "http://www.atvcn.com/"},
    {"广州工商职业技术学院": "http://www.gzgs.org.cn/"},
    {"北京化工大学北方学院": "http://www.yitedu.com.cn/"},
    {"石家庄法商职业学院": "http://www.hbfsh.com"},
    {"石家庄外国语职业学院": "http://www.sjzwgyxy.com"},
    {"河北省艺术职业学院": "http://www.hebart.com/"},
    {"广西工学院": "http://www.gxut.edu.cn/"},
    {"广西中医学院": "http://www.gxtcmu.edu.cn/"},
    {"川外重庆南方翻译学院": "http://www.tcsisu.com/"},
    {"北京北大方正软件职业技术学院": "http://www.pfc.edu.cn/Awebsite/Index.aspx"},
    {"北京吉利大学": "http://www.bgu.edu.cn/"},
    {"曲阜师范大学杏坛学院": "http://www.xtxy.cn/"},
    {"安徽医学高等专科学校": "http://www.ahyz.cn/"},
    {"安庆医药高等专科学校": "http://www.aqyyz.cn/index.html"},
    {"浙江医药高等专科学校": "http://www.zjpc.net.cn/"},
    {"马鞍山师范高等专科学校": "http://www.massz.cn/"},
    {"中国计量学院": "http://www.cjlu.edu.cn/"},
    {"浙江海洋学院": "http://www.zjou.net.cn/"},
    {"宁波诺丁汉大学": "http://www.nottingham.edu.cn/en/index.aspx"},
    {"厦门华厦职业学院": "http://www.hxxy.edu.cn/"},
    {"福建农林大学": "http://www.fafu.edu.cn/"},
    {"江西农业大学南昌商学院": "http://www.ncsxy.com/"},
    {"江西师范大学鹰潭分院（鹰潭职业技术学院）": "http://www.jxytxy.com.cn/"},
    {"赣南师范学院": "http://www.gnnu.cn/"},
    {"景德镇陶瓷学院": "http://www.jci.edu.cn/"},
    {"江西蓝天学院": "https://www.jxut.edu.cn/"},
    {"拉萨师范高等专科学校": "http://www.xzlssf.org/"},
    {"西藏民族学院": "http://www.xzmy.edu.cn/"},
    {"南京特殊教育职业技术学院": "http://www.njts.edu.cn/"},
    {"首页九州职业技术学院": "http://www.jznu.com.cn/"},
    {"江苏食品职业技术学院": "http://www.jsfsc.edu.cn/"},
    {"山西煤炭管理干部学院": "http://www.sxmtxy.net/"},
    {"广播电影电视管理干部学院": "http://www.arft.net/"},
    {"河南中医学院": "http://www.hactcm.edu.cn/"},
    {"武汉工业学院": "http://www.whpu.edu.cn/"},
    {"盐城纺织职业技术学院": "http://www.yctei.cn/"},
    {"株洲职业技术学院": "http://www.zzptc.com/Index.html"},
    {"湖南信息科学职业学院": "http://www.hnisc.com/hnisc/index.html"},
    {"西安电力高等专科学校": "http://www.xaepi.edu.cn/"},
    {"陕西中医学院": "http://www.sntcm.edu.cn/"},
    {"陕西理工学院": "http://www.snut.edu.cn/"},
    {"惠州经济职业技术学院": "http://www.hzcollege.com/"},
    {"广东省肇庆学院": "http://www.zqu.edu.cn/"},
    {"五邑大学": "http://www.wyu.edu.cn/"},
    {"贵州亚泰职业学院": "http://www.gzytvc.cn/"},
    {"遵义医药高等专科学校": "http://www.zunyiyizhuan.com/"},
    {"贵州民族学院": "http://www.gznc.edu.cn/"},
    {"石家庄人民医学高等专科学校": "http://www.sjzrmyz.com/"},
    {"河北工程技术高等专科学校": "http://www.hbgz.edu.cn/"},
    {"沧州医学高等专科学校": "http://www.czmc.cn/"},
    {"海南政法学院": "http://www.hnplc.com/"},
    {"琼州学院": "http://www.qzu.edu.cn/"},
    {"海南经贸职业技术学院": "http://www.hnasatc.edu.cn"},
    {"四川外语学院": "http://www.sisu.edu.cn/sisu2013/"},
    {"哈尔滨商业大学广厦学院": "http://www.gsxy.cn/"},
    {"北京建筑工程学院": "http://www.bucea.edu.cn/"},
    {"山东轻工业学院": "http://www.sdili.edu.cn/"},
    {"成都学院（成都大学）": "http://www.cdu.edu.cn/"},
    {"昆明医学院海源学院": "http://www.kyhyxy.com/"},
    {"大理学院": "http://www.dali.edu.cn/"},
    {"东北财经大学津桥商学院": "http://www.dlufe.edu.cn/"},
    {"镇江市高等专科学校": "http://www.zjc.edu.cn/"},
    {"南京审计学院": "http://www.nau.edu.cn/"},
    {"兰州商学院陇桥学院": "http://www.lzlqc.com/"},
    {"平凉医学高等专科学校": "http://www.plmc.edu.cn/"},
    {"山西同文外语职业学院": "http://www.sxtwedu.com/"},
    {"山西工程职业技术学院": "http://www.sxgy.cn/"},
    {"山西生物应用职业技术学院": "http://www.sxbac.net.cn/"},
    {"山西职业技术学院(原山西综合职业技术学院)": "http://www.sxzzy.cn/"},
    {"大同煤炭职业技术学院(原北岳职业技术学院)": "http://www.dtmtxy.cn"},
    {"长春大学光华学院": "http://www.ccughc.net/"},
    {"吉林交通职业技术学院": "http://www.jjtc.com.cn/"},
    {"白城医学高等专科学校": "http://www.bcyz.cn/"},
    {"四平职业大学(原吉林师范大学应用工程学院)": "http://www.spvu.edu.cn"},
    {"哈尔滨理工大学远东学院": "http://www.fe-edu.com.cn/"},
    {"哈尔滨德强商务学院": "http://www.hrbtc.com/"},
    {"哈尔滨学院": "http://www.hrbu.edu.cn/"},
    {"黑龙江科技学院": "http://www.usth.edu.cn/"},
    {"对外经贸大学": "http://www.uibe.edu.cn"},
    {"中国石油大学(北京)": "http://www.cup.edu.cn"},
    {"中国地质大学（北京）": "http://www.cugb.edu.cn/index.action"},
    {"大连翻译职业学院": "http://www.dltcedu.org/"},
    {"朝阳师范高等专科学校": "http://www.cysz.com.cn/"},
    {"阜新高等专科学校": "http://www.fxgz.com.cn/"},
    {"辽宁美术职业学院": "http://www.lncu.cn/"},
    {"辽宁省交通高等专科学校": "http://www.lncc.edu.cn/"},
    {"运城幼儿师范高等专科学校": "http://www.sxycys.com/"},
    {"山西警官高等专科学校": "http://www.sxpu.com.cn/"},
    {"河套大学": "http://www.hetaodaxue.com/"},
    {"天津医学高等专科学校": "http://www.tjyzh.cn/"},
    {"天津城市建设学院": "http://www.tcu.edu.cn/"},
    {"辽宁医学院": "http://www.jzmu.edu.cn/"},
    {"复旦大学上海视觉艺术学院": "http://www.siva.edu.cn/"},
    {"大连民族学院": "http://www.dlnu.edu.cn/hhh/index.htm"}
]