[
    {"中国矿业大学(北京)": "http://www.cumtb.edu.cn/"},
    {"河北省艺术职业学院": "http://www.hebart.com/"},
    {"哈尔滨学院": "http://www.hrbu.edu.cn/"},
    {"南京信息工程大学滨江学院": "http://www.bjxy.cn/"},
    {"湖州师范学院求真学院": "http://www.hutc.zj.cn/"},
    {"安徽体育运动职业技术学院": "http://www.ahty.net/"},
    {"民办合肥财经职业学院": "http://www.hffe.cn/"},
    {"长沙航空职业技术学院": "http://www.cavtc.cn/"},
    {"西安东方亚太职业技术学院": "http://www.yt-edu.cn/"},
    {"石河子大学科技学院": "http://kjxy.shzu.edu.cn/"},
    {"新疆建设职业技术学院": "http://www.xjjszy.net/"},
    {"新疆医科大学厚博学院": "http://www.xjmu.edu.cn/"},
    {"兰州财经大学长青学院": "http://changqing.lzcc.edu.cn/"},
    {"西北师范大学": "https://www.nwnu.edu.cn/"},
    {"甘肃中医学院": "http://www.gszy.edu.cn/"},
    {"陕西省建筑工程总公司职工大学": "http://www.sjzdedu.com/"},
    {"西安理工大学高科学院": "http://www.xthtc.com/"},
    {"西安高新科技职业学院": "http://www.xhtu.com.cn/"},
    {"贵州民族大学": "http://www.gznc.edu.cn/"},
    {"贵州警官职业学院": "http://www.gzjgxy.cn/"},
    {"电子科技大学成都学院": "http://www.cduestc.cn/"},
    {"成都学院": "http://www.cdu.edu.cn/"},
    {"桂林电子科技大学信息科技学院": "http://iit.guet.edu.cn"},
    {"广西警官高等专科学校": "http://www.gagx.com.cn/"},
    {"贵阳医学院神奇民族医药学院": "http://www.gmc.edu.cn/"},
    {"湖南理工学院南湖学院": "http://www.hnist.cn/"},
    {"湖南工程学院应用技术学院": "http://www.hnieyy.cn/"},
    {"华中农业大学楚天学院": "http://www.hnctxy.com/"},
    {"华中师范大学武汉传媒学院": "http://www.whmc.edu.cn/"},
    {"三峡大学科技学院": "http://www.ctgu.edu.cn/"},
    {"河南教育学院": "http://www.haie.edu.cn/"},
    {"中国地质大学(武汉)": "http://www.cug.edu.cn/"},
    {"永城职业学院": "http://www.ycvc.edu.cn"},
    {"山东科技大学泰山科技学院": "http://taxq.sdust.edu.cn/"},
    {"中国石油大学(华东)": "http://www.upc.edu.cn/"},
    {"江西经济管理职业学院": "http://www.jiea.cn/"},
    {"南昌师范高等专科学校": "http://www.nctc.com.cn/"},
    {"江西旅游商贸职业学院": "http://www.jxlsxy.com/"},
    {"厦门南洋职业学院": "http://www.ny2000.com/"},
    {"漳州科技职业学院": "http://www.tftc.edu.cn/"},
    {"闽西职业技术学院": "http://www.mxdx.net/"},
    {"福建商学院": "http://www.fjsgz.com.cn/"},
    {"安徽经济管理干部学院": "http://www.ahsa.edu.cn/"},
    {"安徽绿海商务职业学院": "http://www.lhub.cn/"},
    {"民办合肥滨湖职业技术学院": "http://www.hfbhxy.com/"},
    {"宁波诺丁汉大学": "http://www.nottingham.edu.cn/en/index.aspx"},
    {"嘉兴学院南湖学院": "http://nhxy.zjxu.edu.cn/"},
    {"浙江海洋学院东海科学技术学院": "http://dk.zjou.edu.cn/"},
    {"浙江工业大学之江学院": "http://www.zjc.zjut.edu.cn/"},
    {"扬州大学广陵学院": "http://glxy.yzu.edu.cn/"},
    {"江苏大学京江学院": "http://zb.ujs.edu.cn/"},
    {"南京信息职业技术学院": "http://www.njcit.cn"},
    {"江南影视艺术职业学院": "http://www.jnys.cn/"},
    {"镇江市高等专科学校": "http://www.zjc.edu.cn/"},
    {"苏州职业大学": "http://www.jssvc.edu.cn/"},
    {"上海电影艺术职业学院": "http://www.shfilmart.com"},
    {"上海交通大学医学院": "http://www.shsmu.edu.cn/"},
    {"黑龙江省农垦管理干部学院": "http://www.nkgy.com/"},
    {"吉林交通职业技术学院": "http://www.jjtc.com.cn/"},
    {"大连翻译职业学院": "http://www.dltcedu.org/"},
    {"辽宁科技大学信息技术学院": "http://www.ustl.edu.cn/new/"},
    {"辽宁交通高等专科学校": "http://www.lncc.edu.cn/"},
    {"辽宁医学院": "http://www.jzmu.edu.cn/"},
    {"内蒙古科技大学包头医学院": "http://www.btmc.cn/"},
    {"内蒙古科技大学包头师范学院": "http://www.bttc.cn/"},
    {"山西煤炭管理干部学院": "http://www.sxmtxy.net/"},
    {"山西师范大学现代文理学院": "http://www.sxnu.edu.cn/"},
    {"山西大同大学": "http://www.sxdtdx.edu.cn/"},
    {"河北外国语职业学院": "http://www.hbiibe.edu.cn"},
    {"中国人民武装警察部队学院": "http://www.wjxy.edu.cn/"},
    {"南京特殊教育职业技术学院": "http://www.njts.edu.cn/"},
]