[
{"东华大学": "http://www.dhu.edu.cn/"},
{"华东政法大学": "http://www.ecupl.edu.cn/"},
{"华东师范大学": "http://www.ecnu.edu.cn/"},
{"西南科技大学城市学院": "http://www.ccswust.com.cn/"},
{"上海电力学院": "http://www.shiep.edu.cn/"},
{"安徽农业大学经济技术学院": "http://jjjs.ahau.edu.cn/"},
{"合肥信息技术职业学院": "http://www.hfitu.cn/"},
{"滁州城市职业学院": "http://www.czcvc.net/"},
{"上海外国语大学": "http://www.shisu.edu.cn/"},
{"首都师范大学科德学院": "http://www.kdcnu.com/"},
{"乌鲁木齐职业大学": "http://www.uvu.edu.cn/"},
{"北京邮电大学世纪学院": "http://www.ccbupt.cn/"},
{"北京科技大学延庆分校": "http://www.ustbyq.com/"},
{"新疆农业职业技术学院": "http://www.xjnzy.edu.cn/"},
{"北京经贸职业学院": "http://www.csuedu.com/"},
{"昌吉职业技术学院": "http://www.cjpt.cn/"},
{"新疆天山职业技术学院": "http://www.xjtsxy.cn/"},
{"滁州职业技术学院": "http://www.czc.net.cn/"},
{"合肥经济技术职业学院": "http://www.hfet.com/"},
{"平顶山教育学院": "http://www.pdsjyxy.com/"},
{"上海电机学院": "http://www.sdju.edu.cn/"},
{"黑龙江外国语学院": "http://www.hiu.edu.cn/"},
{"东海科学技术学院": "http://dk.zjou.edu.cn/"},
{"绍兴文理学院元培学院": "http://www.ypcol.com/"},
{"武汉工程大学邮电与信息工程学院": "http://www.witpt.edu.cn/"},
{"湖北大学知行学院": "http://www.hudazx.cn/"},
{"江汉大学文理学院": "http://www.jdwlxy.cn/index.html"},
{"武汉工程职业技术学院": "http://www.wgxy.net/"},
{"广东海洋大学寸金学院": "http://www.gdcjxy.com/"},
{"武汉理工大学华夏学院": "http://new.1957.cn/"},
{"武汉大学珞珈学院": "http://luojia-whu.cn/"},
{"长江大学工程技术学院": "http://gcxy.yangtzeu.edu.cn/"},
{"湖北民族学院科技学院": "http://www.hbmykjxy.cn/"},
{"中山大学南方学院": "http://www.nfsysu.cn/"},
{"广东技术师范学院天河学院": "http://www.thxy.cn/"},
{"广州大学华软软件学院": "http://www.sise.com.cn/"},
{"北京理工大学珠海学院": "http://www.zhbit.com/"},
{"广西大学行健文理学院": "http://xingjian.gxu.edu.cn/index.aspx"},
{"广西师范学院": "http://www.gxtc.edu.cn/"},
{"广西民族大学相思湖学院": "http://xshxy.gxun.edu.cn/"},
{"广西师范大学漓江学院": "http://www.gxljcollege.cn/"},
{"广西经济职业学院": "http://www.gxevc.com/"},
{"柳州铁道职业技术学院": "http://www.lztdzy.com/"},
{"广西现代职业技术学院": "http://www.gxxd.net.cn/"},
{"北海职业学院": "http://www.bhzyxy.net/"},
{"柳州城市职业学院": "http://www.lcvc.cn/"},
{"安徽城市管理职业学院": "http://www.cmoc.cn/"},
{"广西演艺职业学院": "http://www.gxart.cn/"},
{"广西电力职业技术学院": "http://www.gxdlxy.com/"},
{"宣城职业技术学院": "http://xcvtc.edu.cn/"},
{"桂林山水职业学院": "http://www.guolianweb.com/index.html"},
{"阜阳职业技术学院": "http://www.fyzy.net/"},
{"合肥通用职业技术学院": "http://www.hftyxy.com/"},
{"马鞍山职业技术学院": "http://www.mastc.edu.cn/"},
{"安徽工业经济职业技术学院": "http://www.ahiec.net/"},
{"安徽邮电职业技术学院": "http://www.ahptc.cn/"},
{"安徽林业职业技术学院": "http://www.ahlyxy.cn/chinese/index.htm"},
{"安徽审计职业学院": "http://www.ahsjxy.cn/"},
{"安徽工业职业技术学院": "http://www.ahip.cn/"},
{"安徽交通职业技术学院": "http://www.ahctc.com/SiteAhctc/default.aspx"},
{"安徽涉外经济职业学院": "http://www.ahaec-edu.cn/"},
{"安徽财贸职业学院网站": "http://www.aftvc.com/"},
{"安徽工贸职业技术学院": "http://www.ahgmedu.cn/index.asp"},
{"铜陵职业技术学院": "http://www.tlpt.net.cn/main/index.asp"},
{"安徽工商职业学院": "http://www.ahbvc.cn/"},
{"安徽警官职业学院": "http://www.ahjgxy.com/"},
{"淮北职业技术学院": "http://www.hbvtc.net/"},
{"浙江体育职业技术学院": "http://www.zjcs.net.cn/"},
{"安徽职业技术学院": "http://www.ahtu.ah.cn/forum.php"},
{"浙江大学城市学院": "http://www.zucc.edu.cn/"},
{"温州科技职业学院": "http://www.wzvcst.cn/"},
{"杭州万向职业技术学院": "http://www.wxpoly.cn/"},
{"浙江工贸职业技术学院": "http://www.zjitc.net/"},
{"宁波城市职业技术学院": "http://www.nbcc.cn/"},
{"杭州职业技术学院": "http://www.hzvtc.edu.cn/"},
{"浙江国际海运职业技术学院": "http://www.zimc.cn/index.asp"},
{"东莞理工学院城市学院": "http://csxy.dgut.edu.cn/"},
{"浙江邮电职业技术学院": "http://www.zptc.cn/"},
{"台州科技职业学院": "http://www.tzvcst.net/"},
{"浙江同济科技职业学院": "http://www.zjtongji.edu.cn/"},
{"浙江旅游职业学院": "http://www.tczj.net/"},
{"浙江工业职业技术学院": "http://www.zjipc.com/"},
{"丽水职业技术学院": "http://www.lszjy.com/"},
{"浙江工商职业技术学院": "http://www.zjbti.net.cn/"},
{"衢州职业技术学院": "http://www.qzct.net/"},
{"浙江艺术职业学院": "http://www.zj-art.com/"},
{"浙江育英职业技术学院": "http://www.zjyyc.com/"},
{"上海邦德职业技术学院": "http://www.shbangde.com/"},
{"浙江纺织服装职业技术学院": "http://www.zjff.net/"},
{"绍兴职业技术学院": "http://www.sxvtc.com/"},
{"嘉兴南洋职业技术学院": "http://www.jxnyc.net/"},
{"福建师范大学协和学院": "http://cuc.fjnu.edu.cn/"},
{"福建师范大学闽南科技学院": "http://www.mnkjxy.com/"},
{"厦门工学院": "http://www.xit.edu.cn/"},
{"福建卫生职业技术学院": "http://www.fjwx.com.cn/"},
{"福建农林大学东方学院": "http://www.fafuoc.com/index.html"},
{"福建林业职业技术学院": "http://www.fjlzy.com/"},
{"厦门大学嘉庚学院": "http://jgxy.xmu.edu.cn/"},
{"宁德职业技术学院": "http://www.ndgzy.com/"},
{"福州软件职业技术学院": "http://www.fzrjxy.com/"},
{"福州大学至诚学院": "http://www.fdzcxy.com/main/"},
{"福建农业职业技术学院": "http://www.fjny.edu.cn/"},
{"上海立达职业技术学院": "http://www.lidapoly.edu.cn/"},
{"厦门演艺职业学院": "http://www.xmyanyi.com/"},
{"湄洲湾职业技术学院": "http://www.fjmzw.com/"},
{"漳州城市职业学院": "http://www.zcvc.cn/"},
{"上海戏剧学院": "http://www.sta.edu.cn/"},
{"建东职业技术学院": "http://www.czjdu.com/"},
{"南通大学杏林学院": "http://xlxy.ntu.edu.cn/"},
{"南京邮电大学通达学院": "http://tdxy.njupt.edu.cn/"},
{"苏州工业职业技术学院": "http://www.siit.cn/main/home/index.psp"},
{"苏州大学应用技术学院": "http://tec.suda.edu.cn/"},
{"无锡科技职业学院": "http://www.wxstc.cn/"},
{"南京医科大学康达学院": "http://kdc.njmu.edu.cn/"},
{"南京师范大学泰州学院": "http://www.nnutc.edu.cn/"},
{"江苏海事职业技术学院": "http://www.jmi.edu.cn/"},
{"焦作工贸职业学院": "http://www.jzgmxy.com/"},
{"周口职业技术学院": "http://www.zkvtc.edu.cn/"},
{"河南交通职业技术学院": "http://www.hncc.net/"},
{"中国矿业大学徐海学院": "http://xhxy.cumt.edu.cn"},
{"驻马店职业技术学院": "http://www.zmdvtc.cn/"},
{"河南经贸职业学院": "http://www.hnjmxy.cn/"},
{"平顶山工业职业技术学院": "http://www.pzxy.edu.cn/"},
{"郑州交通职业学院": "http://www.zjtu.edu.cn/"},
{"济源职业技术学院": "http://www.jyvtc.com/"},
{"鹤壁职业技术学院": "http://www.hbzy.edu.cn/"},
{"南京航空航天大学金城学院": "http://jc.nuaa.edu.cn/"},
{"开封大学": "http://www.kfu.edu.cn/"},
{"漯河职业技术学院": "http://www.lhvtc.edu.cn/"},
{"郑州升达经贸管理学院": "http://www.shengda.edu.cn/"},
{"商丘工学院": "http://www.sstvc.com/"},
{"湖北轻工职业技术学院": "http://www.hbliti.com/"},
{"商丘学院": "http://www.squ.net.cn/"},
{"武汉信息传播职业技术学院": "http://www.whinfo.cn/"},
{"武汉交通职业学院": "http://www.whjzy.net/"},
{"湖北三峡职业技术学院": "http://www.tgc.edu.cn/"},
{"武汉商贸职业学院": "http://www.whicu.com/"},
{"随州职业技术学院": "http://www.szvtc.cn/"},
{"湖北青年职业学院": "http://www.hbqnxy.com/"},
{"湖北生物科技职业学院": "http://www.hbswkj.com/"},
{"湖北生态工程职业技术学院": "http://www.hb-green.com/"},
{"鄂州职业大学": "http://www.ezu.net.cn/"},
{"湖北职业技术学院": "http://www.hbvtc.edu.cn/"},
{"长江职业学院": "http://www.cjxy.edu.cn/"},
{"南宁地区教育学院": "http://www.nnjy.net/"},
{"广西教育学院": "http://www.gxec.net.cn/"},
{"广西政法管理干部学院": "http://www.gxzfxy.cn/"},
{"湖南机电职业技术学院": "http://www.hnjdzy.net/"},
{"湖南电气职业技术学院": "http://www.hnjd.net.cn/"},
{"湖南科技职业学院": "http://www.hnkjxy.net.cn/"},
{"湖南都市职业学院": "http://www.hnupc.net/"},
{"西北工业大学明德学院": "http://www.npumd.cn/"},
{"湖南高速铁路职业技术学院": "http://www.htcce.com/"},
{"西安工业大学北方信息工程学院": "http://zs.bxait.cn/"},
{"西北大学现代学院": "http://www.xdxd.cn/"},
{"西安建筑科技大学华清学院": "http://www.xauat-hqc.com/"},
{"陕西科技大学镐京学院": "http://www.kdhj-edu.net/"},
{"陕西邮电职业技术学院": "http://www.sptc.sn.cn/"},
{"渭南职业技术学院": "http://www.wnzy.net/"},
{"西安海棠职业学院": "http://www.xahtxy.cn/"},
{"陕西电子科技职业学院": "http://www.sxetcedu.com/"},
{"陕西铁路工程职业技术学院": "http://www.sxri.net/"},
{"陕西航空职业技术学院": "http://www.sxhkxy.com/"},
{"西安汽车科技职业学院": "http://www.atc168.com/"},
{"陕西经济管理职业技术学院": "http://www.sxjgy.com/"},
{"陕西工商职业学院": "http://www.snbcedu.cn/"},
{"陕西青年职业学院": "http://www.sxqzy.com/"},
{"陕西电子信息职业技术学院": "http://www.sxitu.com/"},
{"陕西国防工业职业技术学院": "http://www.gfxy.com/"},
{"西安航空职业技术学院": "http://www.xihang.com.cn/"},
{"北京师范大学珠海分校": "http://www.bnuep.com/"},
{"电子科技大学中山学院": "http://www.zsc.edu.cn/"},
{"广州华夏职业学院": "http://www.gzhxtc.cn/"},
{"广东文艺职业学院": "http://www.gdla.edu.cn/"},
{"广州华商职业学院": "http://www.gzhsvc.com/"},
{"河源职业技术学院": "http://www.hycollege.net/"},
{"广东科贸职业学院": "http://www.gdkm.edu.cn/"},
{"罗定职业技术学院": "http://www.ldpoly.com/"},
{"广东女子职业技术学院": "http://www.gdfs.edu.cn/"},
{"广州城市职业学院": "http://www.gcp.edu.cn/"},
{"中山火炬职业技术学院": "http://www.zstp.cn/"},
{"广东机电职业技术学院": "http://www.gdmec.cn/"},
{"广东岭南职业技术学院": "http://www.lnc.edu.cn"},
{"深圳信息职业技术学院": "http://www.sziit.com.cn/"},
{"广东司法警官职业学院": "http://www.gdsfjy.cn/"},
{"广州涉外经济职业技术学院": "http://www.gziec.net/"},
{"广东工程职业技术学院": "http://www.gpc.net.cn/"},
{"广东工贸职业技术学院": "http://www.gdgm.cn/"},
{"广州工程技术职业学院": "http://www.gzvtc.cn/wechatNews/default.aspx"},
{"石家庄信息工程职业学院": "http://www.sjziei.com/"},
{"河北石油职业技术学院": "http://www.pvtc.edu.cn/"},
{"北京交通大学海滨学院": "http://www.bjtuhbxy.cn"},
{"河北交通职业技术学院": "http://www.hejtxy.edu.cn/jiaotong"},
{"燕山大学里仁学院": "http://stc.ysu.edu.cn"},
{"中国地质大学长城学院": "http://www.cuggw.edu.cn"},
{"河北大学工商学院": "http://www.hicc.cn"},
{"河北师范大学汇华学院": "http://huihua.hebtu.edu.cn"},
{"河北科技大学理工学院": "http://hbklg.hebust.edu.cn"},
{"承德护理职业学院": "http://www.cdwx.cn"},
{"石家庄工商职业学院": "http://www.sjzgsxy.com"},
{"廊坊燕京职业技术学院": "http://www.lfyjzjxy.com"},
{"唐山职业技术学院": "http://www.tsvtc.com"},
{"唐山工业职业技术学院": "http://www.tsgzy.edu.cn"},
{"秦皇岛职业技术学院": "http://www.qhdvtc.com/"},
{"冀中职业学院": "http://www.jzhxy.com/"},
{"河北公安警察职业学院": "http://www.hebsjy.com/"},
{"河北机电职业技术学院": "http://www.hbjd.com.cn/"},
{"保定电力职业技术学院": "http://www.bddy.cn/"},
{"河北女子职业技术学院": "http://www.hebnzxy.com/"},
{"廊坊职业技术学院": "http://www.lfzhjxy.cn/php/w_index.php"},
{"广西水利电力职业技术学院": "http://www.gxsdxy.cn/"},
{"广西城市职业学院": "http://www.gxccedu.com/"},
{"广西工业职业技术学院": "http://www.gxic.net/"},
{"广西工商职业技术学院": "http://www.gxgsxy.com/"},
{"广西职业技术学院": "http://www.gxzjy.com/"},
{"梧州学院": "http://www.gxuwz.edu.cn/"},
{"柳州职业技术学院": "http://www.lzzy.net/"},
{"贺州学院": "http://www.hzu.gx.cn/"},
{"南昌大学共青学院教务处": "http://www.ncupyh.cn/?WebShieldDRSessionVerify=MmFFdi4ptOAmlY7qZjcN"},
{"广西民族师范学院": "http://www.gxnun.net/"},
{"广西民族大学": "http://www.gxun.edu.cn/"},
{"广西师范大学": "http://www.gxnu.edu.cn/"},
{"广西医科大学": "http://www.gxmu.edu.cn/"},
{"重庆工商大学融智学院": "http://www.cqrz.edu.cn/"},
{"重庆邮电大学移通学院": "http://www.cqyti.com/"},
{"广西大学": "http://www.gxu.edu.cn/"},
{"桂林电子科技大学": "http://www.gliet.edu.cn/extGuetWeb"},
{"重庆工贸职业技术学院": "http://www.cqgmy.cn/"},
{"重庆房地产职业学院": "http://www.cqbyxy.com/"},
{"重庆城市管理职业学院": "http://www.cswu.cn/"},
{"北京社会管理职业学院": "http://sgy.mca.gov.cn/"},
{"北京汇佳职业学院": "http://www.hju.net.cn/"},
{"北京科技职业学院": "http://www.5aaa.com/"},
{"北京政法职业学院": "http://www.bcpl.cn/"},
{"重庆航天职业技术学院": "http://www.cqepc.cn/index.htm"},
{"北京农业职业学院": "http://www.bvca.edu.cn/"},
{"北京经济管理职业学院": "http://www.bj.xinhuanet.com/wq/gq/jg/"},
{"北京电子科技职业学院": "http://www.dky.bjedu.cn/"},
{"北京工业职业技术学院": "http://www.bgy.org.cn/"},
{"北京电影学院": "http://www.bfa.edu.cn/"},
{"北京青年政治学院": "http://www.bjypc.edu.cn/"},
{"北京培黎职业学院": "http://www.bjpldx.edu.cn/"},
{"中国戏曲学院": "http://www.nacta.edu.cn/"},
{"北京劳动保障职业学院": "http://www.bvclss.cn/"},
{"北京物资学院": "http://www.bwu.edu.cn/"},
{"北京农学院": "http://www.bac.edu.cn/"},
{"中国音乐学院": "http://www.ccmusic.edu.cn/"},
{"青岛理工大学琴岛学院": "http://www.qdc.cn/"},
{"山东文化产业职业学院": "http://www.sdcivc.com/"},
{"山东工业职业学院": "http://www.sdivc.net.cn/"},
{"烟台大学文经学院": "http://wenjing.ytu.edu.cn/"},
{"山东女子学院": "http://www.sdwu.edu.cn/"},
{"青岛黄海学院": "http://www.huanghaicollege.com/"},
{"聊城大学东昌学院": "http://www.lcudcc.edu.cn/"},
{"枣庄职业学院": "http://www.sdzzvc.cn/"},
{"山东城市建设职业学院": "http://www.sdcjxy.com/"},
{"潍坊科技学院": "http://www.wfust.edu.cn/"},
{"枣庄学院": "http://www.uzz.edu.cn/"},
{"山东艺术学院": "http://www.sdca.edu.cn/"},
{"山东工艺美术学院": "http://www.sdada.edu.cn/"},
{"山东体育学院": "http://www.sdpei.edu.cn/"},
{"四川托普信息技术职业学院": "http://www.scetop.com/"},
{"四川城市职业学院": "http://www.scuvc.com/"},
{"南充职业技术学院": "http://www.nczy.com/"},
{"成都职业技术学院": "http://www.cdvtc.com/"},
{"山东政法学院": "http://www.sdupsl.edu.cn/"},
{"成都理工大学工程技术学院": "http://www.cdutetc.cn/index.htm"},
{"四川科技职业学院": "http://www.scstc.cn/"},
{"绵阳职业技术学院": "http://www.myvtc.edu.cn/"},
{"内江职业技术学院": "http://www.njvtc.cn/"},
{"四川信息职业技术学院": "http://www.scitc.com.cn/"},
{"乐山职业技术学院": "http://www.lszyxy.com/"},
{"泸州职业技术学院": "http://www.lzy.edu.cn/"},
{"四川机电职业技术学院": "http://www.scemi.com/"},
{"四川商务职业学院": "http://www.scsw.net.cn/"},
{"广安职业技术学院": "http://www.gavtc.cn/"},
{"巢湖学院": "http://www.chtc.edu.cn/"},
{"安徽新华学院": "http://www.axhu.cn/"},
{"池州学院": "http://www.czu.edu.cn/"},
{"淮南师范学院": "http://www.hnnu.edu.cn/"},
{"安徽文达信息工程学院": "http://www.wendaedu.com.cn/"},
{"宿州学院": "http://www.ahszu.edu.cn/"},
{"安徽科技学院": "http://www.ahstu.edu.cn/"},
{"安徽财经大学": "http://www.aufe.edu.cn/"},
{"皖南医学院": "http://www.wnmc.edu.cn/"},
{"合肥师范学院": "http://www.hfnu.edu.cn/"},
{"台州职业技术学院": "http://www.tzvtc.com/"},
{"中国科学技术大学": "http://www.ustc.edu.cn/"},
{"安徽大学": "http://www.ahu.edu.cn/"},
{"安徽理工大学": "http://www.aust.edu.cn/"},
{"温州职业技术学院": "http://www.wzvtc.cn/"},
{"安徽工业大学": "http://www.ahut.edu.cn/"},
{"合肥工业大学": "http://www.hfut.edu.cn/ch/"},
{"浙江万里学院": "http://www.zjwu.net/"},
{"安徽师范大学": "http://www.ahnu.edu.cn/"},
{"安徽农业大学": "http://www.ahau.edu.cn/"},
{"安徽三联学院": "http://www.sanlian.net.cn/"},
{"浙江警察学院": "http://www.zjjcxy.cn/default.html"},
{"湖州师范学院": "http://www.hutc.zj.cn/"},
{"浙江科技学院": "http://www.zust.edu.cn/"},
{"宁波工程学院": "http://www.nbut.cn/"},
{"嘉兴学院": "http://www.zjxu.edu.cn/"},
{"浙江越秀外国语学院": "http://www.yxc.cn/"},
{"宁波大红鹰学院": "http://www.dhyedu.com/"},
{"浙江师范大学": "http://www.zjnu.edu.cn/"},
{"温州大学": "http://www.wzu.edu.cn/"},
{"杭州电子科技大学": "http://www.hdu.edu.cn/"},
{"浙江农林大学": "http://www.zjfc.edu.cn/"},
{"浙江大学": "http://www.zju.edu.cn/"},
{"浙江工业大学": "http://www.zjut.edu.cn/"},
{"福州职业技术学院": "http://www.fvti.cn/"},
{"黎明职业大学": "http://www.lmu.cn/"},
{"福州黎明职业技术学院": "http://www.fzlmxy.cn/lm/index.asp"},
{"漳州职业技术学院": "http://www.fjzzy.org/"},
{"泉州纺织服装职业学院": "http://www.qzfzfz.com/"},
{"福州英华职业学院": "http://www.fzacc.com/"},
{"三明学院": "http://218.5.241.16/"},
{"龙岩学院": "http://www.lyun.edu.cn/"},
{"闽江学院": "http://www.mju.edu.cn/"},
{"厦门理工学院": "http://www.xmut.edu.cn/"},
{"福建师范大学": "http://www.fjnu.edu.cn/"},
{"福建医科大学": "http://www.fjmu.edu.cn/"},
{"福建中医药大学": "http://www.fjtcm.edu.cn/"},
{"福建工程学院": "https://www.fjut.edu.cn/"},
{"集美大学": "http://www.jmu.edu.cn/"},
{"华侨大学": "http://www.hqu.edu.cn/"},
{"福州外语外贸学院": "http://www.fzfu.com/"},
{"厦门大学": "https://www.xmu.edu.cn/"},
{"华东交通大学理工学院": "http://www.ecjtuit.com.cn/"},
{"江西艺术职业学院": "http://www.jxysedu.com/"},
{"赣西科技职业学院": "http://www.ganxidx.com/"},
{"江西制造职业技术学院": "http://www.jxmtc.com/"},
{"九江学院": "http://www.jju.edu.cn/"},
{"新余学院": "http://www.xyc.edu.cn/"},
{"上饶师范学院": "http://www.sru.jx.cn/"},
{"赣南医学院": "http://www.gmu.cn/"},
{"南昌工学院": "http://www.ncgxy.com/index.html"},
{"江西警察学院": "http://www.jxga.com/"},
{"江西财经大学": "http://www.jxufe.edu.cn/"},
{"南昌理工学院": "http://www.nut.edu.cn"},
{"江西农业大学": "http://www.jxau.edu.cn/"},
{"南昌航空大学": "http://www.nchu.edu.cn/"},
{"江西师范大学": "http://www.jxnu.edu.cn/"},
{"南昌大学": "http://www.ncu.edu.cn/"},
{"东华理工大学": "http://www.ecit.edu.cn/"},
{"西藏职业技术学院": "http://www.xzgzy.cn/"},
{"西藏藏医学院": "http://www.ttmc.edu.cn/"},
{"华东交通大学": "http://www.ecjtu.jx.cn/"},
{"苏州经贸职业技术学院": "http://www.szjm.edu.cn/site/szjm/"},
{"西藏大学": "http://www.utibet.edu.cn/index.html;jsessionid=9AA261093C6B8814B2B095B46684C774"},
{"健雄职业技术学院": "http://www.wjxvtc.cn/"},
{"常州信息职业技术学院": "http://www.ccit.js.cn/"},
{"南京旅游职业学院": "http://www.jltu.net/"},
{"硅湖职业技术学院": "http://www.usl.edu.cn/"},
{"淮安信息职业技术学院": "http://www.hcit.edu.cn/"},
{"宿迁职业技术学院": "http://www.cjsiu.com/"},
{"南京视觉艺术学院": "http://www.niva.cn/portal.php"},
{"太湖创意职业技术学院": "http://www.thcyzy.org/html/index.asp"},
{"江苏农林职业技术学院": "http://www.jsafc.edu.cn"},
{"苏州信息职业技术学院": "http://www.szitu.cn/"},
{"常州工程职业技术学院": "http://www.czie.edu.cn/"},
{"江海职业技术学院": "http://www.jhu.cn/"},
{"黄淮学院": "http://www.huanghuai.edu.cn/"},
{"河南科技学院": "http://www.hist.edu.cn/"},
{"许昌学院": "http://www.xcu.edu.cn/"},
{"商丘师范学院": "http://www.sqnc.edu.cn/"},
{"洛阳师范学院": "http://www.lynu.edu.cn/"},
{"新乡医学院": "http://www.xxmu.edu.cn/"},
{"南阳理工学院": "http://www.nyist.net/"},
{"洛阳理工学院": "http://www.lit.edu.cn/"},
{"安阳工学院": "http://www.ayit.edu.cn/"},
{"郑州轻工业学院": "http://www.zzili.edu.cn/"},
{"郑州科技学院": "http://www.zzist.net/"},
{"河南财经政法大学": "http://www.huel.edu.cn/"},
{"郑州航空工业管理学院": "http://www.zua.edu.cn/"},
{"河南师范大学": "http://www.henannu.edu.cn/"},
{"河南工业大学": "http://www.haut.edu.cn/"},
{"河南科技大学": "http://www.haust.edu.cn/"},
{"河南大学": "http://www.henu.edu.cn/"},
{"郑州大学": "http://www.zzu.edu.cn/"},
{"武汉体育学院": "http://www.wipe.edu.cn/"},
{"湖北警官学院": "http://www.hbpa.edu.cn/"},
{"汉口学院": "http://www.hkxy.edu.cn/"},
{"湖北汽车工业学院": "http://www.huat.edu.cn/"},
{"黄冈师范学院": "http://www.hgnc.net/2016/index.jsp"},
{"武汉纺织大学": "http://www.wtu.edu.cn/"},
{"长江大学": "http://www.yangtzeu.edu.cn/"},
{"江汉大学": "http://www.jhun.edu.cn/"},
{"湖北大学": "http://www.hubu.edu.cn/"},
{"中南民族大学": "http://www.scuec.edu.cn/"},
{"华中师范大学": "http://www.ccnu.edu.cn/"},
{"中南财经政法大学": "http://www.zuel.edu.cn/"},
{"华中农业大学": "http://www.hzau.edu.cn/2014/ch/"},
{"中国地质大学": "http://www.cug.edu.cn/"},
{"武汉大学": "http://www.whu.edu.cn/"},
{"华中科技大学": "http://www.hust.edu.cn/"},
{"武汉理工大学": "http://www.whut.edu.cn/2015web/index.htm"},
{"湖南工艺美术职业学院": "http://www.hnmeida.com.cn/"},
{"湖南九嶷职业技术学院": "http://www.4744edu.com/"},
{"湖南科技学院": "http://www.huse.cn/"},
{"湖南商学院": "http://www.hnuc.edu.cn/"},
{"湖南涉外经济学院": "http://www.hunaneu.com/"},
{"长沙医学院": "http://www.csmu.edu.cn/"},
{"中南林业科技大学": "http://www.csuft.edu.cn/"},
{"湖南工学院": "http://www.hnpu.edu.cn/"},
{"湖南工程学院": "http://www.hnie.edu.cn/"},
{"湖南理工学院": "http://www.hnist.cn/"},
{"湖南第一师范学院": "http://www.hnfnu.edu.cn/"},
{"南华大学": "http://www.usc.edu.cn/"},
{"中南大学": "http://www.csu.edu.cn/"},
{"湘潭大学": "http://www.xtu.edu.cn/"},
{"湖南科技大学": "http://www.hnust.edu.cn/"},
{"陕西交通职业技术学院": "http://www.scct.cn/"},
{"湖南农业大学": "http://www.hunau.edu.cn/"},
{"湖南大学": "http://www.hnu.cn/"},
{"西安医学高等专科学校": "http://www.xagdyz.com/"},
{"陕西财经职业技术学院": "http://www.sxptife.net/"},
{"西京学院": "http://www.xijing.com.cn/"},
{"商洛学院": "http://www.slxy.cn/"},
{"西安音乐学院": "http://www.xacom.edu.cn/"},
{"西安财经学院": "http://www.xaufe.edu.cn/"},
{"西安体育学院": "http://www.xaipe.edu.cn/"},
{"西安欧亚学院": "http://www.eurasia.edu/"},
{"西安外国语大学": "http://www.xisu.edu.cn/"},
{"西安思源学院": "http://www.xasyu.cn/"},
{"西安工程大学": "http://www.xpu.edu.cn/"},
{"西北工业大学": "http://www.nwpu.edu.cn/"},
{"长安大学": "http://www.xahu.edu.cn/"},
{"西安电子科技大学": "http://www.xidian.edu.cn/"},
{"茂名职业技术学院": "http://www.mmvtc.cn/templet/default/"},
{"陕西师范大学": "http://www.snnu.edu.cn/"},
{"广东行政职业学院": "http://www.gdxzzy.cn/"},
{"星海音乐学院": "http://www.xhcom.edu.cn/"},
{"西北农林科技大学": "http://www.nwsuaf.edu.cn/"},
{"广东白云学院": "http://www.baiyunu.edu.cn/"},
{"西安交通大学": "http://www.xjtu.edu.cn/"},
{"韩山师范学院": "http://www.hstc.edu.cn/"},
{"广州美术学院": "http://www.gzarts.edu.cn/2013/"},
{"惠州学院": "http://www.hzu.edu.cn/"},
{"东莞理工学院": "http://www.dgut.edu.cn/"},
{"广东石油化工学院": "http://www.gdpa.edu.cn/"},
{"华南农业大学": "http://www.scau.edu.cn/"},
{"仲恺农业工程学院": "http://www.zhku.edu.cn/"},
{"广东工业大学": "http://www.gdut.edu.cn/"},
{"佛山科学技术学院": "http://web.fosu.edu.cn/"},
{"暨南大学": "http://www.jnu.edu.cn/"},
{"广州大学": "http://www.gzhu.edu.cn/"},
{"华南理工大学": "http://www.scut.edu.cn/new/"},
{"汕头大学": "http://www.stu.edu.cn/"},
{"中山大学": "http://www.sysu.edu.cn/2012/"},
{"贵州轻工职业技术学院": "http://www.gzqy.cn/"},
{"黔南民族职业技术学院": "http://www.qnzy.net/"},
{"贵州电子信息职业技术学院": "http://www.gzeic.com/"},
{"铜仁学院": "http://www.gztrc.edu.cn/"},
{"武汉工程大学": "http://www.wit.edu.cn/"},
{"黔南民族师范学院": "http://news.sgmtu.edu.cn/"},
{"遵义医学院": "http://www.zmc.gz.cn/"},
{"贵州大学": "http://www.gzu.edu.cn/"},
{"贵州师范大学": "http://www.gznu.edu.cn/"},
{"邢台职业技术学院": "http://www.xpc.edu.cn/"},
{"河北建材职业技术学院": "http://www.hbjcxy.com/"},
{"保定职业技术学院": "http://www.bvtc.com.cn/"},
{"石家庄职业技术学院": "http://www.sjzpt.edu.cn/"},
{"河北能源职业技术学院": "http://www.hbnyxy.cn/"},
{"河北工业职业技术学院": "http://www.hbcit.edu.cn/"},
{"沧州职业技术学院": "http://www.czvtc.cn/"},
{"石家庄铁路职业技术学院": "http://www.sirt.edu.cn/"},
{"石家庄学院": "http://www.sjzc.edu.cn/"},
{"邯郸学院": "http://www.hdc.edu.cn/"},
{"河北传媒学院": "http://www.hebic.cn/"},
{"河北金融学院": "http://www.hbcf.edu.cn/"},
{"邢台学院": "http://www.xttc.edu.cn/"},
{"河北体育学院": "http://www.hepec.edu.cn/"},
{"海南经贸职业技术学院": "http://www.hnjmc.com/"},
{"海南工商职业学院": "http://www.hntbc.com/"},
{"海南医学院": "http://www.hainmc.edu.cn/"},
{"海口经济学院": "http://www.hkc.edu.cn/"},
{"海南师范大学": "http://www.hainnu.edu.cn/"},
{"中国矿业大学银川学院": "http://www.cumtyc.com.cn/"},
{"河北化工医药职业技术学院": "http://www.hebcpc.cn/template/mainpage01.asp"},
{"海南大学": "http://www.hainu.edu.cn/"},
{"宁夏职业技术学院": "http://www.nxtc.edu.cn/"},
{"宁夏大学新华学院": "http://xinhua.nxu.edu.cn/"},
{"宁夏理工学院": "http://www.nxist.com/"},
{"宁夏师范学院": "http://www.nxtu.cn/"},
{"宁夏医科大学": "http://www.nxmu.edu.cn/"},
{"北方民族大学": "http://www.nwsni.edu.cn/"},
{"宁夏大学": "http://www.nxu.edu.cn/"},
{"青海民族大学": "http://www.qhmu.edu.cn/"},
{"青海师范大学": "http://www.qhnu.edu.cn/"},
{"重庆工商职业学院": "http://www.cqtbi.edu.cn/"},
{"青海大学": "http://www.qhu.edu.cn/"},
{"重庆能源职业学院": "http://www.cqny.net/"},
{"重庆文理学院": "http://www.cqwu.net/"},
{"重庆工程职业技术学院": "http://www.cqvie.edu.cn/"},
{"重庆医科大学": "http://www.cqmu.edu.cn/"},
{"重庆师范大学": "http://www.cqnu.edu.cn/"},
{"长江师范学院": "http://www.yznu.cn/"},
{"重庆理工大学": "http://www.cqut.edu.cn/"},
{"昌吉学院": "http://www.cjc.edu.cn/"},
{"新疆艺术学院": "http://www.xjart.edu.cn/"},
{"新疆医科大学": "http://www.xjmu.org/"},
{"重庆大学": "http://www.cqu.edu.cn/v1/"},
{"新疆农业大学": "http://www.xjau.edu.cn/"},
{"新疆大学": "http://www.xju.edu.cn/"},
{"塔里木大学": "http://www.taru.edu.cn/"},
{"新疆师范大学": "https://www.xjnu.edu.cn/"},
{"石河子大学": "http://www.shzu.edu.cn/"},
{"哈尔滨剑桥学院": "http://www.jqu.net.cn/"},
{"首钢工学院": "http://www.sgit.edu.cn/"},
{"北京印刷学院": "http://www.bigc.edu.cn/"},
{"北京城市学院": "http://www.bcu.edu.cn/"},
{"北京工商大学": "http://www.btbu.edu.cn/"},
{"北京石油化工学院": "http://www.bipt.edu.cn/index.htm"},
{"首都师范大学": "http://www.cnu.edu.cn/"},
{"首都医科大学": "http://www.ccmu.edu.cn/"},
{"北京信息科技大学": "http://www.bistu.edu.cn/"},
{"北方工业大学": "http://www.ncut.edu.cn/"},
{"北京工业大学": "http://www.bjut.edu.cn/"},
{"中央戏剧学院": "http://www.chntheatre.edu.cn/"},
{"中央音乐学院": "http://www.ccom.edu.cn/"},
{"中国劳动关系学院": "http://www.ciir.edu.cn/"},
{"中国青年政治学院": "http://www.cyu.edu.cn/"},
{"中华女子学院": "http://www.cwu.edu.cn/"},
{"北京电子科技学院": "http://www.besti.edu.cn/"},
{"北京协和医学院": "http://www.pumc.edu.cn/"},
{"国际关系学院": "http://www.uir.cn/"},
{"山东财经大学": "http://www.sdfi.edu.cn/"},
{"山东工商学院": "http://www.sdibt.edu.cn/"},
{"中国政法大学": "http://www.cupl.edu.cn/"},
{"中央民族大学": "http://www.muc.edu.cn/index.html"},
{"北京体育大学": "http://www.bsu.edu.cn/"},
{"安顺职业技术学院": "http://www.asotc.cn/Index.html"},
{"德州学院": "http://www.dzu.edu.cn/"},
{"山东交通学院": "http://www.sdjtu.edu.cn/"},
{"潍坊医学院": "http://www.wfmc.edu.cn/"},
{"滨州医学院": "http://www.bzmc.edu.cn/"},
{"鲁东大学": "http://www.ytnc.edu.cn/"},
{"青岛理工大学": "http://www.qtech.edu.cn/"},
{"济南大学": "http://www.ujn.edu.cn/"},
{"青岛农业大学": "http://www.qau.edu.cn/"},
{"山东万杰医学院": "http://www.qlmu.edu.cn/"},
{"山东科技大学": "http://www.sdust.edu.cn/"},
{"聊城大学": "http://www.lcu.edu.cn/"},
{"山东中医药大学": "http://www.sdutcm.edu.cn/"},
{"青岛科技大学": "http://www.qust.edu.cn/"},
{"烟台大学": "http://www.ytu.edu.cn/"},
{"烟台汽车工程职业学院": "http://www.ytqcvc.cn/"},
{"山东大学": "http://www.sdu.edu.cn/"},
{"中国石油大学": "http://www.upc.edu.cn/"},
{"中国海洋大学": "http://www.ouc.edu.cn/"},
{"山东理工大学": "http://www.sdut.edu.cn/"},
{"成都体育学院": "http://www.cdsu.edu.cn/"},
{"四川民族学院": "http://www.scun.edu.cn/"},
{"绵阳师范学院": "http://www.mnu.cn/"},
{"内江师范学院": "http://www.njtc.edu.cn/"},
{"成都东软学院": "http://www.nsu.edu.cn/"},
{"西南石油大学": "http://www.swpu.edu.cn/"},
{"西华师范大学": "http://www.cwnu.edu.cn/"},
{"四川师范大学": "http://www.sicnu.edu.cn/"},
{"西华大学": "http://www.xhu.edu.cn/"},
{"电子科技大学": "http://www.uestc.edu.cn/"},
{"西南财经大学": "http://www.swufe.edu.cn/"},
{"西南交通大学": "http://www.swjtu.edu.cn/"},
{"云南师范大学文理学院": "http://www.ysdwl.cn/"},
{"四川大学": "http://www.scu.edu.cn/"},
{"云南师范大学商学院": "http://www.ynnubs.com/"},
{"云南大学旅游文化学院": "http://www.lywhxy.com/"},
{"昆明理工大学津桥学院": "http://www.oxbridge.cn/2014/index.html"},
{"云南大学滇池学院": "http://www.ynudcc.cn/"},
{"云南农业职业技术学院": "http://www.ynavc.com/"},
{"云南艺术学院": "http://www.ynart.edu.cn/"},
{"德宏职业学院": "http://www.yndhvc.com/"},
{"楚雄师范学院": "http://cnuzsjy.cxtc.edu.cn/"},
{"云南大学": "http://www.ynu.edu.cn/"},
{"云南民族大学": "http://www.ynni.edu.cn/web/11403/home;jsessionid=38BC31F57E94538EF0F15BD3FA0A0D5C"},
{"昆明理工大学": "http://www.kmust.edu.cn/"},
{"云南农业大学": "http://www.ynau.edu.cn/"},
{"云南师范大学": "http://www.ynnu.edu.cn/"},
{"苏州工艺美术职业技术学院": "http://www.sgmart.com/"},
{"大连理工大学城市学院": "http://www.dl-city.com/"},
{"南通航运职业技术学院": "http://www.ntsc.edu.cn/"},
{"苏州市职业大学": "http://www.jssvc.edu.cn/"},
{"南京工业职业技术学院": "http://www.niit.edu.cn/"},
{"无锡太湖学院（原江南大学太湖学院）": "http://www.thxy.org/"},
{"常熟理工学院": "http://www.cslg.edu.cn"},
{"盐城工学院": "http://www.ycit.cn/"},
{"淮阴工学院": "http://www.hyit.edu.cn/"},
{"金陵科技学院": "http://www.jit.edu.cn/"},
{"南通大学": "http://www.ntu.edu.cn/"},
{"南京中医药大学": "http://www.njutcm.edu.cn/"},
{"南京师范大学": "http://www.njnu.edu.cn/"},
{"南京财经大学": "http://www.njue.edu.cn/"},
{"常州工学院": "http://www.czu.cn/"},
{"苏州大学": "http://www.suda.edu.cn/"},
{"河海大学": "http://www.hhu.edu.cn/"},
{"南京农业大学": "http://www.njau.edu.cn/"},
{"南京理工大学": "http://www.njust.edu.cn/"},
{"东南大学": "http://www.seu.edu.cn/"},
{"兰州航空工业职工大学": "http://www.lzavu.cn/"},
{"南京大学": "https://www.nju.edu.cn/"},
{"兰州交通大学博文学院": "http://www.bowenedu.cn/w/Default.htm"},
{"甘肃机电职业技术学院": "http://www.gsjdxy.com/"},
{"酒泉职业技术学院": "http://www.jqzy.com/"},
{"兰州外语职业学院": "http://www.lzwyedu.com/"},
{"甘肃林业职业技术学院": "http://www.gsfc.edu.cn/"},
{"兰州石化职业技术学院": "http://www.lzpcc.com.cn/"},
{"甘肃农业大学": "http://www.gsau.edu.cn/"},
{"兰州交通大学": "http://www.lzjtu.edu.cn/"},
{"兰州大学": "http://www.lzu.edu.cn/"},
{"河西学院": "http://www10.hxu.edu.cn/w/Default.htm"},
{"山西财经大学华商学院": "http://www.schsxy.com/"},
{"兰州理工大学": "http://www.gsut.edu.cn/w/"},
{"山西大学商务学院": "http://www.sdsy.sxu.edu.cn/"},
{"现代科技学院--太原理工大学": "http://www.xdkj.tyut.edu.cn/2016/"},
{"山西医科大学晋祠学院": "http://www.sxmu-jcc.com/"},
{"山西交通职业技术学院": "http://www.sxjt.edu.cn/"},
{"山西建筑职业技术学院": "http://www.sxatc.com/"},
{"太原城市职业技术学院": "http://www.cntcvc.com/"},
{"山西机电职业技术学院": "http://www.sxjdxy.org/"},
{"太原旅游职业学院": "http://www.tylyzyxy.com/"},
{"山西轻工职业技术学院": "http://www.sxqgzy.cn/"},
{"临汾职业技术学院": "http://www.lfvtc.cn/"},
{"山西信息职业技术学院": "http://www.vcit.cn/"},
{"山西林业职业技术学院": "http://www.sxly.com.cn/"},
{"山西戏剧职业学院": "http://www.shanxixjxy.com/"},
{"山西管理职业学院": "http://www.sxglzyxy.com.cn/"},
{"长春大学旅游学院": "http://www.cctourcollege.com/"},
{"吉林师范大学博达学院": "http://www.bdxy.com.cn/"},
{"山西水利职业技术学院": "http://wwww.sxsy.com.cn:800"},
{"长春理工大学光电信息学院": "http://www.csoei.com/"},
{"山西财贸职业技术学院": "http://www.sxcmvc.com/"},
{"长白山职业技术学院": "http://www.cbsvtc.com.cn/"},
{"东北师范大学人文学院": "https://www.chsnenu.edu.cn/"},
{"吉林铁道职业技术学院": "http://www.jtpt.cn/"},
{"吉林科技职业技术学院": "http://www.jilinkj.com/Officialwebsite/index.aspx"},
{"长春职业技术学院": "http://www.cvit.com.cn/"},
{"吉林工业职业技术学院": "http://www.jvcit.edu.cn/"},
{"白城职业技术学院": "http://www.bcvit.cn/"},
{"吉林电子信息职业技术学院": "http://www.jltc.edu.cn/"},
{"长春建筑学院": "http://www.jladi.com/"},
{"廊坊师范学院": "http://www.lfsfxy.edu.cn/"},
{"河北科技学院": "http://www.hbkjxy.cn/"},
{"河北经贸大学": "http://www.heuet.edu.cn/"},
{"河北师范大学": "http://www.hebtu.edu.cn/"},
{"河北医科大学": "http://www.hebmu.edu.cn/"},
{"河北农业大学": "http://www.hebau.edu.cn/"},
{"河北工程大学": "http://www.hebeu.edu.cn/"},
{"燕山大学": "http://www.ysu.edu.cn/"},
{"河北工业大学": "http://www.hebut.edu.cn/"},
{"河北大学": "http://www.hbu.edu.cn/"},
{"中央司法警官学院": "http://www.cicp.edu.cn/"},
{"河北科技大学": "http://www.hebust.edu.cn/"},
{"防灾科技学院": "http://www.fzxy.edu.cn/"},
{"华北科技学院": "http://www.ncist.edu.cn/"},
{"内蒙古大学创业学院": "http://www.imuchuangye.cn/"},
{"兴安职业技术学院": "http://www.nmxzy.cn/"},
{"内蒙古警察职业学院": "http://www.imppc.cn/"},
{"内蒙古体育职业学院": "http://www.nmtyxy.com/jxjyc_tz.php"},
{"乌兰察布职业学院": "http://www.wlcbzyxy.com.cn/"},
{"包头铁道职业技术学院": "http://www.bttzy.com/"},
{"大庆师范学院": "http://www.dqsy.net/"},
{"黑龙江工程学院": "http://www.hljit.edu.cn/"},
{"哈尔滨师范大学": "http://www.hrbnu.edu.cn/"},
{"黑龙江中医药大学": "http://www.hljucm.net/"},
{"哈尔滨医科大学": "http://www.hrbmu.edu.cn/"},
{"齐齐哈尔大学": "http://www.qqhru.edu.cn/"},
{"佳木斯大学": "http://www.jmsu.org/"},
{"哈尔滨理工大学": "http://www.hrbust.edu.cn/"},
{"黑龙江大学": "http://www.hlju.edu.cn/"},
{"哈尔滨工业大学": "http://www.hit.edu.cn/"},
{"东北林业大学": "http://www.nefu.edu.cn/"},
{"哈尔滨工程大学": "http://www.hrbeu.edu.cn/"},
{"中央财经大学": "http://www.cufe.edu.cn"},
{"北京师范大学": "http://www.bnu.edu.cn"},
{"中国传媒大学": "http://www.cuc.edu.cn"},
{"北京中医药大学": "http://www.bucm.edu.cn"},
{"北京语言大学": "http://www.blcu.edu.cn"},
{"北京外国语大学": "http://www.bfsu.edu.cn"},
{"中国农业大学": "http://www.cau.edu.cn"},
{"中国矿业大学（北京）": "http://www.cumtb.edu.cn"},
{"北京林业大学": "http://www.bjfu.edu.cn"},
{"华北电力大学": "http://www.ncepu.edu.cn"},
{"北京理工大学": "http://www.bit.edu.cn"},
{"北京科技大学": "http://www.ustb.edu.cn"},
{"北京交通大学": "http://www.njtu.edu.cn"},
{"北京航空航天大学": "http://www.buaa.edu.cn"},
{"北京化工大学": "http://www.buct.edu.cn"},
{"北京邮电大学": "http://www.bupt.edu.cn"},
{"清华大学": "http://www.tsinghua.edu.cn"},
{"北京大学": "http://www.pku.edu.cn"},
{"中国人民大学": "http://www.ruc.edu.cn"},
{"天津财经大学珠江学院": "http://zhujiang.tjufe.edu.cn/"},
{"天津大学仁爱学院": "http://www.tjrac.edu.cn/"},
{"北京科技大学天津学院": "http://tj.ustb.edu.cn/"},
{"滨海外事学院": "http://bhws.tjfsu.edu.cn/"},
{"宝德学院": "http://www.boustead.edu.cn/"},
{"天津青年职业学院": "http://www.tjqnzyxy.cn/"},
{"南开大学滨海学院": "http://binhai.nankai.edu.cn/"},
{"天津理工大学中环信息学院": "http://www.tjzhic.com/export/sites/tjzhic/"},
{"天津城市建设管理职业技术学院": "http://www.tjchengjian.com/"},
{"天津国土资源和房屋职业学院": "http://www.tjgsxy.com.cn/"},
{"天津广播影视职业学院": "http://www.tjgbys.com/"},
{"天津冶金职业技术学院": "http://www.tjmvti.cn/"},
{"天津工程职业技术学院": "http://www.tjeti.com/"},
{"天津铁道职业技术学院": "http://www.tjtdxy.cn/"},
{"辽宁工程职业学院": "http://www.lngczyxy.com/"},
{"沈阳职业技术学院": "http://www.vtcsy.com/"},
{"辽宁广告职业学院": "http://www.ggxy.com/"},
{"辽宁理工职业学院": "http://www.lndhdx.com/"},
{"辽宁石化职业技术学院": "http://www.lnpc.edu.cn/"},
{"辽宁商贸职业学院": "http://www.lnsmzy.edu.cn/"},
{"大连东软信息学院": "http://portal.neusoft.edu.cn"},
{"沈阳音乐学院": "http://www.sycm.com.cn/"},
{"鲁迅美术学院": "http://www.lumei.edu.cn/"},
{"沈阳体育学院": "http://www.syty.edu.cn/"},
{"辽宁财贸学院": "http://www.lncmxy.com/"},
{"辽宁金融职业学院": "http://www.lnfvc.edu.cn/newweb/index.asp"},
{"山西旅游职业学院": "http://www.sxtvi.com.cn/"},
{"山西国际商务职业学院": "http://www.sxibs.com/"},
{"鞍山师范学院": "http://www.asnc.edu.cn/"},
{"山西运城农业职业技术学院": "http://www.ycnxy.com/"},
{"山西工商学院": "http://www.sxtbu.net/"},
{"运城学院": "http://www.ycu.edu.cn/"},
{"太原工业学院": "http://www.tit.edu.cn/"},
{"山西师范大学": "http://www.sxnu.edu.cn/"},
{"晋中学院": "http://new.jzxy.edu.cn/"},
{"山西农业大学": "http://www.sxau.edu.cn/"},
{"山西大学": "http://www.sxu.edu.cn/"},
{"长春理工大学": "http://www.cust.edu.cn/"},
{"太原理工大学": "http://www2017.tyut.edu.cn/"},
{"吉林工商学院": "http://www.jlbtc.edu.cn/"},
{"白城师范学院": "http://www.bcsfxy.com/"},
{"通化师范学院": "http://www.thnu.edu.cn/"},
{"吉林华桥外国语学院": "http://www.hqwy.com/"},
{"吉林化工学院": "http://www.jlict.edu.cn/"},
{"吉林艺术学院": "http://www.jlart.edu.cn/"},
{"长春中医药大学": "http://www.ccucm.edu.cn/"},
{"长春工程学院": "http://www.ccit.edu.cn/"},
{"长春工业大学": "http://www.ccut.edu.cn/ccut.html"},
{"东北电力大学": "http://www.nedu.edu.cn/"},
{"延边大学": "http://www.ybu.edu.cn/"},
{"北华大学": "http://www.beihua.edu.cn/"},
{"吉林师范大学": "http://www.jlnu.edu.cn/"},
{"东北师范大学": "http://www.nenu.edu.cn/"},
{"吉林大学": "http://www.jlu.edu.cn/"},
{"内蒙古电子信息职业技术学院": "http://www.imeic.cn/"},
{"内蒙古商贸职业学院": "http://www.imvcc.com/"},
{"内蒙古化工职业学院": "http://www.hgzyxy.com/"},
{"内蒙古交通职业技术学院": "http://www.nmjtzy.com/"},
{"内蒙古农业大学": "http://www.imau.edu.cn/"},
{"内蒙古师范大学": "http://www.imnu.edu.cn/"},
{"内蒙古工业大学": "http://www.imut.edu.cn/"},
{"赤峰职业技术学院": "http://www.cfzyjsxy.com/"},
{"内蒙古大学": "http://www.imu.edu.cn/"},
{"天津职业大学": "http://www.tjtc.edu.cn/"},
{"天津公安警官职业学院": "http://www.tjjingyuan.cn/"},
{"天津电子信息职业技术学院": "http://www.tjdz.net/"},
{"天津美术学院": "http://www.tjarts.edu.cn/"},
{"天津农学院": "http://www.tjac.edu.cn/"},
{"天津音乐学院": "http://www.tjcm.edu.cn/"},
{"天津职业技术师范大学": "http://www.tute.edu.cn"},
{"天津财经大学": "http://www.tjufe.edu.cn/"},
{"天津师范大学": "http://www.tjnu.edu.cn"},
{"天津外国语大学": "http://www.tjfsu.edu.cn/"},
{"天津滨海职业学院": "http://www.tjbpi.com/website/"},
{"天津理工大学": "http://www.tjut.edu.cn"},
{"天津科技大学": "http://www.tust.edu.cn"},
{"天津医科大学": "http://www.tijmu.edu.cn"},
{"天津中医药大学": "http://www.tjutcm.edu.cn"},
{"天津工业大学": "http://www.tjpu.edu.cn"},
{"天津大学": "http://www.tju.edu.cn"},
{"南开大学": "http://www.nankai.edu.cn"},
{"中国民航大学": "http://www.cauc.edu.cn/zh/"},
{"沈阳工程学院": "http://www.sie.edu.cn/"},
{"沈阳师范大学": "http://www.synu.edu.cn/"},
{"东北财经大学": "http://www.dufe.edu.cn/"},
{"沈阳药科大学": "http://www.syphu.edu.cn/"},
{"大连医科大学": "http://www.dlmedu.edu.cn/"},
{"中国医科大学": "http://www.cmu.edu.cn/"},
{"沈阳航空航天大学": "http://www.sau.edu.cn/"},
{"大连工业大学": "http://www.dlpu.edu.cn/"},
{"沈阳化工大学": "http://www.syuct.edu.cn/"},
{"辽宁工程技术大学": "http://www.lntu.edu.cn/"},
{"大连大学": "http://www.dlu.edu.cn/"},
{"大连海事大学": "http://www.dlmu.edu.cn/"},
{"大连理工大学": "http://www.dlut.edu.cn/"},
{"东北大学": "http://www.neu.edu.cn/"},
{"天华学院": "http://www.sthu.cn/"},
{"辽宁科技大学": "http://www.ustl.edu.cn/new/"},
{"上海电子信息职业技术学院": "http://www.stiei.edu.cn/"},
{"上海行健职业学院": "http://www.shxj.cn/"},
{"上海工商外国语职业学院": "http://www.sicfl.edu.cn/"},
{"上海震旦职业学院": "http://www.aurora-college.cn/"},
{"上海海事职业技术学院": "http://www.sma.edu.cn/OceanAffairs.Web/"},
{"华东理工大学": "http://www.ecust.edu.cn/"},
{"上海交通大学": "http://www.sjtu.edu.cn/"},
{"上海体育职业学院": "http://www.ssi.edu.cn/mainAction.do"},
{"上海民远职业技术学院": "http://www.min-yuan.com/"},
{"复旦大学": "http://www.fudan.edu.cn/2016/index.html"},
{"同济大学": "https://www.tongji.edu.cn/"},
{"湖北中医药大学": "http://www.hbtcm.edu.cn/"},
{"安庆职业技术学院": "http://www.aqvtc.cn/"},
{"六安职业技术学院": "http://www.lvtc.edu.cn/"},
{"绍兴文理学院": "http://www.usx.edu.cn/"},
{"台州学院": "http://www.tzc.edu.cn/"}
]